2021-02-23 09:57:14.383 | INFO     | app_blog.views:get_queryset_from_cache:66 - 获取视图缓存, KEY: IndexView_1
2021-02-23 09:57:14.443 | INFO     | app_blog.templatetags.blog_tags:most_commented_articles:103 - 获取最多评论缓存:most_commented_articles
2021-02-23 09:57:20.687 | INFO     | app_blog.views:get_queryset_from_cache:66 - 获取视图缓存, KEY: IndexView_1
2021-02-23 09:57:20.766 | INFO     | app_blog.templatetags.blog_tags:most_commented_articles:103 - 获取最多评论缓存:most_commented_articles
2021-02-23 10:10:26.747 | INFO     | app_blog.views:get_queryset_from_cache:66 - 获取视图缓存, KEY: IndexView_1
2021-02-23 10:10:26.825 | INFO     | app_blog.templatetags.blog_tags:most_commented_articles:103 - 获取最多评论缓存:most_commented_articles
2021-02-23 10:11:09.084 | INFO     | app_blog.views:get_queryset_from_cache:66 - 获取视图缓存, KEY: IndexView_1
2021-02-23 10:11:09.151 | INFO     | app_blog.templatetags.blog_tags:most_commented_articles:103 - 获取最多评论缓存:most_commented_articles
2021-02-23 10:13:24.549 | INFO     | app_blog.views:get_queryset_from_cache:66 - 获取视图缓存, KEY: IndexView_1
2021-02-23 10:13:24.608 | INFO     | app_blog.templatetags.blog_tags:most_commented_articles:103 - 获取最多评论缓存:most_commented_articles
2021-02-23 10:15:24.659 | INFO     | app_blog.views:get_queryset_from_cache:66 - 获取视图缓存, KEY: IndexView_1
2021-02-23 10:15:24.719 | INFO     | app_blog.templatetags.blog_tags:most_commented_articles:103 - 获取最多评论缓存:most_commented_articles
2021-02-23 10:17:00.840 | INFO     | app_blog.views:get_queryset_from_cache:66 - 获取视图缓存, KEY: IndexView_1
2021-02-23 10:17:00.897 | INFO     | app_blog.templatetags.blog_tags:most_commented_articles:103 - 获取最多评论缓存:most_commented_articles
2021-02-23 10:17:08.164 | INFO     | app_blog.views:get_queryset_from_cache:66 - 获取视图缓存, KEY: IndexView_1
2021-02-23 10:17:08.223 | INFO     | app_blog.templatetags.blog_tags:most_commented_articles:103 - 获取最多评论缓存:most_commented_articles
2021-02-23 10:19:33.191 | INFO     | app_blog.views:get_queryset_from_cache:66 - 获取视图缓存, KEY: IndexView_1
2021-02-23 10:19:33.255 | INFO     | app_blog.templatetags.blog_tags:most_commented_articles:103 - 获取最多评论缓存:most_commented_articles
2021-02-23 10:19:37.104 | INFO     | app_blog.views:get_queryset_from_cache:66 - 获取视图缓存, KEY: IndexView_1
2021-02-23 10:19:37.162 | INFO     | app_blog.templatetags.blog_tags:most_commented_articles:103 - 获取最多评论缓存:most_commented_articles
2021-02-23 10:19:56.304 | INFO     | app_blog.views:get_queryset_from_cache:66 - 获取视图缓存, KEY: IndexView_1
2021-02-23 10:19:56.361 | INFO     | app_blog.templatetags.blog_tags:most_commented_articles:103 - 获取最多评论缓存:most_commented_articles
2021-02-23 10:20:02.385 | INFO     | app_blog.views:get_queryset_from_cache:66 - 获取视图缓存, KEY: IndexView_1
2021-02-23 10:20:02.449 | INFO     | app_blog.templatetags.blog_tags:most_commented_articles:103 - 获取最多评论缓存:most_commented_articles
2021-02-23 10:20:41.011 | INFO     | app_blog.views:get_queryset_from_cache:66 - 获取视图缓存, KEY: IndexView_1
2021-02-23 10:20:41.074 | INFO     | app_blog.templatetags.blog_tags:most_commented_articles:103 - 获取最多评论缓存:most_commented_articles
2021-02-23 10:20:55.876 | INFO     | app_blog.views:get_queryset_from_cache:66 - 获取视图缓存, KEY: IndexView_1
2021-02-23 10:20:55.936 | INFO     | app_blog.templatetags.blog_tags:most_commented_articles:103 - 获取最多评论缓存:most_commented_articles
2021-02-23 10:21:09.449 | INFO     | app_blog.views:get_queryset_from_cache:66 - 获取视图缓存, KEY: IndexView_1
2021-02-23 10:21:09.533 | INFO     | app_blog.templatetags.blog_tags:most_commented_articles:103 - 获取最多评论缓存:most_commented_articles
2021-02-23 10:21:29.155 | INFO     | app_blog.views:get_queryset_from_cache:66 - 获取视图缓存, KEY: IndexView_1
2021-02-23 10:21:29.216 | INFO     | app_blog.templatetags.blog_tags:most_commented_articles:103 - 获取最多评论缓存:most_commented_articles
2021-02-23 10:21:33.733 | INFO     | app_blog.views:get_queryset_from_cache:66 - 获取视图缓存, KEY: IndexView_1
2021-02-23 10:21:33.789 | INFO     | app_blog.templatetags.blog_tags:most_commented_articles:103 - 获取最多评论缓存:most_commented_articles
2021-02-23 10:22:34.495 | INFO     | app_blog.views:get_queryset_from_cache:66 - 获取视图缓存, KEY: IndexView_1
2021-02-23 10:22:34.562 | INFO     | app_blog.templatetags.blog_tags:most_commented_articles:103 - 获取最多评论缓存:most_commented_articles
2021-02-23 10:23:25.786 | INFO     | app_blog.views:get_queryset_from_cache:66 - 获取视图缓存, KEY: IndexView_1
2021-02-23 10:23:25.853 | INFO     | app_blog.templatetags.blog_tags:most_commented_articles:103 - 获取最多评论缓存:most_commented_articles
2021-02-23 10:23:56.011 | INFO     | app_blog.views:get_queryset_from_cache:66 - 获取视图缓存, KEY: IndexView_1
2021-02-23 10:23:56.072 | INFO     | app_blog.templatetags.blog_tags:most_commented_articles:103 - 获取最多评论缓存:most_commented_articles
2021-02-23 10:24:11.078 | INFO     | app_blog.views:get_queryset_from_cache:66 - 获取视图缓存, KEY: IndexView_1
2021-02-23 10:24:11.139 | INFO     | app_blog.templatetags.blog_tags:most_commented_articles:103 - 获取最多评论缓存:most_commented_articles
2021-02-23 10:24:51.390 | INFO     | app_blog.views:get_queryset_from_cache:66 - 获取视图缓存, KEY: IndexView_1
2021-02-23 10:24:51.465 | INFO     | app_blog.templatetags.blog_tags:most_commented_articles:103 - 获取最多评论缓存:most_commented_articles
2021-02-23 10:25:06.405 | INFO     | app_blog.views:get_queryset_from_cache:66 - 获取视图缓存, KEY: IndexView_1
2021-02-23 10:25:06.461 | INFO     | app_blog.templatetags.blog_tags:most_commented_articles:103 - 获取最多评论缓存:most_commented_articles
2021-02-23 10:25:14.521 | INFO     | app_blog.views:get_object:245 - 设置文章Markdown缓存, KEY: 8_md_20210222183041
2021-02-23 10:25:14.524 | INFO     | app_blog.models:comment_list:226 - 设置评论缓存:article_comments_8
2021-02-23 10:25:14.540 | INFO     | myweb.utils:news:64 - cache_decorator set cache:get_category_tree key:0ce336f72863d4f44fc0bdfc1fe4714f
2021-02-23 10:25:14.543 | INFO     | myweb.utils:news:64 - cache_decorator set cache:next_article key:a7f762f62930ac2938bae17fc0cb3ed8
2021-02-23 10:25:14.545 | INFO     | myweb.utils:news:64 - cache_decorator set cache:prev_article key:0b3e618b2c45d0373a2ff3e4acf83180
2021-02-23 10:25:14.551 | INFO     | app_blog.templatetags.blog_tags:similar_articles:139 - 设置相似文章缓存:similar_articles_8
2021-02-23 10:25:14.555 | INFO     | app_blog.templatetags.blog_tags:most_commented_articles:103 - 获取最多评论缓存:most_commented_articles
2021-02-23 10:25:52.515 | INFO     | app_blog.views:get_queryset_from_cache:66 - 获取视图缓存, KEY: IndexView_1
2021-02-23 10:25:52.579 | INFO     | app_blog.templatetags.blog_tags:most_commented_articles:103 - 获取最多评论缓存:most_commented_articles
2021-02-23 10:26:22.462 | INFO     | app_blog.views:get_queryset_from_cache:66 - 获取视图缓存, KEY: IndexView_1
2021-02-23 10:26:22.523 | INFO     | app_blog.templatetags.blog_tags:most_commented_articles:103 - 获取最多评论缓存:most_commented_articles
2021-02-23 10:27:15.702 | INFO     | app_blog.views:get_queryset_from_cache:66 - 获取视图缓存, KEY: IndexView_1
2021-02-23 10:27:15.754 | INFO     | app_blog.templatetags.blog_tags:most_commented_articles:103 - 获取最多评论缓存:most_commented_articles
2021-02-23 10:27:28.662 | INFO     | app_blog.views:get_queryset_from_cache:66 - 获取视图缓存, KEY: IndexView_1
2021-02-23 10:27:28.746 | INFO     | app_blog.templatetags.blog_tags:most_commented_articles:103 - 获取最多评论缓存:most_commented_articles
2021-02-23 10:27:35.609 | INFO     | app_blog.views:get_queryset_from_cache:66 - 获取视图缓存, KEY: IndexView_1
2021-02-23 10:27:35.662 | INFO     | app_blog.templatetags.blog_tags:most_commented_articles:103 - 获取最多评论缓存:most_commented_articles
2021-02-23 10:27:53.443 | INFO     | app_blog.views:get_queryset_from_cache:66 - 获取视图缓存, KEY: IndexView_1
2021-02-23 10:27:53.508 | INFO     | app_blog.templatetags.blog_tags:most_commented_articles:103 - 获取最多评论缓存:most_commented_articles
2021-02-23 10:27:58.352 | INFO     | app_blog.views:get_object:245 - 设置文章Markdown缓存, KEY: 1_md_20210221182605
2021-02-23 10:27:58.355 | INFO     | app_blog.models:comment_list:226 - 设置评论缓存:article_comments_1
2021-02-23 10:27:58.373 | INFO     | myweb.utils:news:64 - cache_decorator set cache:get_category_tree key:8ffdf6647eb726be51e6c351a0d18610
2021-02-23 10:27:58.375 | INFO     | myweb.utils:news:64 - cache_decorator set cache:next_article key:c28fa2a183593c3eb6654fa19ac56619
2021-02-23 10:27:58.377 | INFO     | myweb.utils:news:64 - cache_decorator set cache:prev_article key:0b72541fba0c04e704e410e89837190d
2021-02-23 10:27:58.382 | INFO     | app_blog.templatetags.blog_tags:similar_articles:139 - 设置相似文章缓存:similar_articles_1
2021-02-23 10:27:58.417 | INFO     | app_blog.templatetags.blog_tags:most_commented_articles:103 - 获取最多评论缓存:most_commented_articles
2021-02-23 10:27:58.534 | ERROR    | app_user.middleware:__call__:43 - 不支持的 content 类型: "<class 'django.http.response.FileResponse'>"
2021-02-23 10:27:59.821 | INFO     | app_blog.views:get_queryset_from_cache:66 - 获取视图缓存, KEY: IndexView_1
2021-02-23 10:27:59.874 | INFO     | app_blog.templatetags.blog_tags:most_commented_articles:103 - 获取最多评论缓存:most_commented_articles
2021-02-23 10:28:01.268 | INFO     | app_blog.views:get_object:235 - 获取文章Markdown缓存, KEY: 8_md_20210222183041
2021-02-23 10:28:01.271 | INFO     | app_blog.models:comment_list:226 - 设置评论缓存:article_comments_8
2021-02-23 10:28:01.291 | INFO     | app_blog.templatetags.blog_tags:similar_articles:132 - 获取相似文章缓存:similar_articles_8
2021-02-23 10:28:01.294 | INFO     | app_blog.templatetags.blog_tags:most_commented_articles:103 - 获取最多评论缓存:most_commented_articles
2021-02-23 10:28:03.043 | INFO     | app_blog.views:get_queryset_from_cache:66 - 获取视图缓存, KEY: IndexView_1
2021-02-23 10:28:03.102 | INFO     | app_blog.templatetags.blog_tags:most_commented_articles:103 - 获取最多评论缓存:most_commented_articles
2021-02-23 10:28:59.600 | INFO     | app_blog.views:get_queryset_from_cache:66 - 获取视图缓存, KEY: IndexView_1
2021-02-23 10:28:59.656 | INFO     | app_blog.templatetags.blog_tags:most_commented_articles:103 - 获取最多评论缓存:most_commented_articles
2021-02-23 10:29:04.457 | INFO     | app_blog.views:get_object:235 - 获取文章Markdown缓存, KEY: 8_md_20210222183041
2021-02-23 10:29:04.459 | INFO     | app_blog.models:comment_list:226 - 设置评论缓存:article_comments_8
2021-02-23 10:29:04.478 | INFO     | app_blog.templatetags.blog_tags:similar_articles:132 - 获取相似文章缓存:similar_articles_8
2021-02-23 10:29:04.482 | INFO     | app_blog.templatetags.blog_tags:most_commented_articles:103 - 获取最多评论缓存:most_commented_articles
2021-02-23 10:29:06.107 | INFO     | myweb.utils:news:64 - cache_decorator set cache:get_sub_categorys key:df264ad9b8aa12530a4b81457d9d6861
2021-02-23 10:29:06.110 | INFO     | app_blog.views:get_queryset_from_cache:71 - 设置视图缓存, KEY: CategoryDetailView_Django_1
2021-02-23 10:29:06.155 | INFO     | app_blog.templatetags.blog_tags:most_commented_articles:103 - 获取最多评论缓存:most_commented_articles
2021-02-23 10:29:08.162 | INFO     | app_blog.views:get_object:235 - 获取文章Markdown缓存, KEY: 7_md_20210222140557
2021-02-23 10:29:08.164 | INFO     | app_blog.models:comment_list:226 - 设置评论缓存:article_comments_7
2021-02-23 10:29:08.184 | INFO     | app_blog.templatetags.blog_tags:similar_articles:132 - 获取相似文章缓存:similar_articles_7
2021-02-23 10:29:08.188 | INFO     | app_blog.templatetags.blog_tags:most_commented_articles:103 - 获取最多评论缓存:most_commented_articles
2021-02-23 10:29:09.871 | INFO     | app_blog.views:get_queryset_from_cache:66 - 获取视图缓存, KEY: IndexView_1
2021-02-23 10:29:09.933 | INFO     | app_blog.templatetags.blog_tags:most_commented_articles:103 - 获取最多评论缓存:most_commented_articles
2021-02-23 10:29:23.929 | INFO     | app_blog.views:get_queryset_from_cache:66 - 获取视图缓存, KEY: IndexView_1
2021-02-23 10:29:23.993 | INFO     | app_blog.templatetags.blog_tags:most_commented_articles:103 - 获取最多评论缓存:most_commented_articles
2021-02-23 10:29:48.328 | INFO     | app_blog.views:get_queryset_from_cache:66 - 获取视图缓存, KEY: IndexView_1
2021-02-23 10:29:48.382 | INFO     | app_blog.templatetags.blog_tags:most_commented_articles:103 - 获取最多评论缓存:most_commented_articles
2021-02-23 10:31:23.692 | INFO     | app_blog.views:get_queryset_from_cache:66 - 获取视图缓存, KEY: IndexView_1
2021-02-23 10:31:23.751 | INFO     | app_blog.templatetags.blog_tags:most_commented_articles:103 - 获取最多评论缓存:most_commented_articles
2021-02-23 10:32:04.002 | INFO     | app_blog.views:get_queryset_from_cache:66 - 获取视图缓存, KEY: IndexView_1
2021-02-23 10:32:04.080 | INFO     | app_blog.templatetags.blog_tags:most_commented_articles:103 - 获取最多评论缓存:most_commented_articles
2021-02-23 10:42:52.991 | INFO     | app_blog.views:get_queryset_from_cache:66 - 获取视图缓存, KEY: IndexView_1
2021-02-23 10:42:53.114 | INFO     | app_blog.templatetags.blog_tags:most_commented_articles:103 - 获取最多评论缓存:most_commented_articles
2021-02-23 10:43:08.557 | INFO     | app_blog.views:get_queryset_from_cache:66 - 获取视图缓存, KEY: IndexView_1
2021-02-23 10:43:08.615 | INFO     | app_blog.templatetags.blog_tags:most_commented_articles:103 - 获取最多评论缓存:most_commented_articles
2021-02-23 10:44:40.137 | INFO     | app_blog.views:get_queryset_from_cache:66 - 获取视图缓存, KEY: IndexView_1
2021-02-23 10:44:40.189 | INFO     | app_blog.templatetags.blog_tags:most_commented_articles:103 - 获取最多评论缓存:most_commented_articles
2021-02-23 10:46:04.821 | INFO     | app_blog.views:get_queryset_from_cache:66 - 获取视图缓存, KEY: IndexView_1
2021-02-23 10:46:04.880 | INFO     | app_blog.templatetags.blog_tags:most_commented_articles:103 - 获取最多评论缓存:most_commented_articles
2021-02-23 10:46:17.398 | INFO     | app_blog.views:get_queryset_from_cache:66 - 获取视图缓存, KEY: IndexView_1
2021-02-23 10:46:17.468 | INFO     | app_blog.templatetags.blog_tags:most_commented_articles:103 - 获取最多评论缓存:most_commented_articles
2021-02-23 10:46:27.018 | INFO     | app_blog.views:get_queryset_from_cache:66 - 获取视图缓存, KEY: IndexView_1
2021-02-23 10:46:27.077 | INFO     | app_blog.templatetags.blog_tags:most_commented_articles:103 - 获取最多评论缓存:most_commented_articles
2021-02-23 10:48:06.842 | INFO     | app_blog.views:get_queryset_from_cache:66 - 获取视图缓存, KEY: IndexView_1
2021-02-23 10:48:06.896 | INFO     | app_blog.templatetags.blog_tags:most_commented_articles:103 - 获取最多评论缓存:most_commented_articles
2021-02-23 10:48:09.436 | INFO     | app_blog.views:get_queryset_from_cache:66 - 获取视图缓存, KEY: IndexView_1
2021-02-23 10:48:09.495 | INFO     | app_blog.templatetags.blog_tags:most_commented_articles:103 - 获取最多评论缓存:most_commented_articles
2021-02-23 10:48:42.289 | INFO     | app_blog.views:get_queryset_from_cache:66 - 获取视图缓存, KEY: IndexView_1
2021-02-23 10:48:42.372 | INFO     | app_blog.templatetags.blog_tags:most_commented_articles:103 - 获取最多评论缓存:most_commented_articles
2021-02-23 10:48:50.205 | INFO     | app_blog.views:get_queryset_from_cache:66 - 获取视图缓存, KEY: IndexView_1
2021-02-23 10:48:50.259 | INFO     | app_blog.templatetags.blog_tags:most_commented_articles:103 - 获取最多评论缓存:most_commented_articles
2021-02-23 10:49:47.461 | INFO     | app_blog.views:get_queryset_from_cache:66 - 获取视图缓存, KEY: IndexView_1
2021-02-23 10:49:47.527 | INFO     | app_blog.templatetags.blog_tags:most_commented_articles:103 - 获取最多评论缓存:most_commented_articles
2021-02-23 10:50:35.512 | INFO     | app_blog.views:get_queryset_from_cache:66 - 获取视图缓存, KEY: IndexView_1
2021-02-23 10:50:35.577 | INFO     | app_blog.templatetags.blog_tags:most_commented_articles:103 - 获取最多评论缓存:most_commented_articles
2021-02-23 10:50:46.103 | INFO     | app_blog.views:get_queryset_from_cache:66 - 获取视图缓存, KEY: IndexView_1
2021-02-23 10:50:46.155 | INFO     | app_blog.templatetags.blog_tags:most_commented_articles:103 - 获取最多评论缓存:most_commented_articles
2021-02-23 10:52:52.698 | INFO     | app_blog.views:get_queryset_from_cache:66 - 获取视图缓存, KEY: IndexView_1
2021-02-23 10:52:52.754 | INFO     | app_blog.templatetags.blog_tags:most_commented_articles:103 - 获取最多评论缓存:most_commented_articles
2021-02-23 10:53:40.896 | INFO     | app_blog.views:get_object:235 - 获取文章Markdown缓存, KEY: 8_md_20210222183041
2021-02-23 10:53:40.898 | INFO     | app_blog.models:comment_list:226 - 设置评论缓存:article_comments_8
2021-02-23 10:53:40.917 | INFO     | app_blog.templatetags.blog_tags:similar_articles:132 - 获取相似文章缓存:similar_articles_8
2021-02-23 10:53:40.921 | INFO     | app_blog.templatetags.blog_tags:most_commented_articles:103 - 获取最多评论缓存:most_commented_articles
2021-02-23 10:53:47.926 | INFO     | app_blog.views:get_queryset_from_cache:66 - 获取视图缓存, KEY: IndexView_1
2021-02-23 10:53:47.978 | INFO     | app_blog.templatetags.blog_tags:most_commented_articles:103 - 获取最多评论缓存:most_commented_articles
2021-02-23 10:54:47.151 | INFO     | app_blog.views:get_queryset_from_cache:66 - 获取视图缓存, KEY: IndexView_1
2021-02-23 10:54:47.197 | INFO     | app_blog.templatetags.blog_tags:most_commented_articles:103 - 获取最多评论缓存:most_commented_articles
2021-02-23 10:57:39.236 | INFO     | app_blog.views:get_queryset_from_cache:66 - 获取视图缓存, KEY: IndexView_1
2021-02-23 10:57:39.294 | INFO     | app_blog.templatetags.blog_tags:most_commented_articles:103 - 获取最多评论缓存:most_commented_articles
2021-02-23 10:58:47.614 | INFO     | app_blog.views:get_queryset_from_cache:66 - 获取视图缓存, KEY: IndexView_1
2021-02-23 10:58:47.665 | INFO     | app_blog.templatetags.blog_tags:most_commented_articles:103 - 获取最多评论缓存:most_commented_articles
2021-02-23 10:59:37.524 | INFO     | app_blog.views:get_queryset_from_cache:66 - 获取视图缓存, KEY: IndexView_1
2021-02-23 10:59:37.572 | INFO     | app_blog.templatetags.blog_tags:most_commented_articles:103 - 获取最多评论缓存:most_commented_articles
2021-02-23 11:00:08.978 | INFO     | app_blog.views:get_queryset_from_cache:66 - 获取视图缓存, KEY: IndexView_1
2021-02-23 11:00:09.027 | INFO     | app_blog.templatetags.blog_tags:most_commented_articles:103 - 获取最多评论缓存:most_commented_articles
2021-02-23 11:00:41.602 | INFO     | app_blog.views:get_queryset_from_cache:66 - 获取视图缓存, KEY: IndexView_1
2021-02-23 11:00:41.664 | INFO     | app_blog.templatetags.blog_tags:most_commented_articles:103 - 获取最多评论缓存:most_commented_articles
2021-02-23 11:01:22.139 | INFO     | app_blog.views:get_queryset_from_cache:66 - 获取视图缓存, KEY: IndexView_1
2021-02-23 11:01:22.206 | INFO     | app_blog.templatetags.blog_tags:most_commented_articles:103 - 获取最多评论缓存:most_commented_articles
2021-02-23 11:05:49.323 | INFO     | app_blog.views:get_queryset_from_cache:66 - 获取视图缓存, KEY: IndexView_1
2021-02-23 11:05:49.379 | INFO     | app_blog.templatetags.blog_tags:most_commented_articles:103 - 获取最多评论缓存:most_commented_articles
2021-02-23 11:05:55.315 | INFO     | app_blog.views:get_queryset_from_cache:66 - 获取视图缓存, KEY: IndexView_1
2021-02-23 11:05:55.362 | INFO     | app_blog.templatetags.blog_tags:most_commented_articles:103 - 获取最多评论缓存:most_commented_articles
2021-02-23 11:06:03.077 | INFO     | app_blog.views:get_queryset_from_cache:66 - 获取视图缓存, KEY: IndexView_1
2021-02-23 11:06:03.128 | INFO     | app_blog.templatetags.blog_tags:most_commented_articles:103 - 获取最多评论缓存:most_commented_articles
2021-02-23 11:06:06.167 | INFO     | app_blog.views:get_object:235 - 获取文章Markdown缓存, KEY: 8_md_20210222183041
2021-02-23 11:06:06.170 | INFO     | app_blog.models:comment_list:226 - 设置评论缓存:article_comments_8
2021-02-23 11:06:06.190 | INFO     | app_blog.templatetags.blog_tags:similar_articles:132 - 获取相似文章缓存:similar_articles_8
2021-02-23 11:06:06.194 | INFO     | app_blog.templatetags.blog_tags:most_commented_articles:103 - 获取最多评论缓存:most_commented_articles
2021-02-23 11:06:08.799 | INFO     | app_blog.views:get_queryset_from_cache:66 - 获取视图缓存, KEY: IndexView_1
2021-02-23 11:06:08.846 | INFO     | app_blog.templatetags.blog_tags:most_commented_articles:103 - 获取最多评论缓存:most_commented_articles
2021-02-23 11:07:19.231 | INFO     | app_blog.views:get_queryset_from_cache:66 - 获取视图缓存, KEY: IndexView_1
2021-02-23 11:07:19.283 | INFO     | app_blog.templatetags.blog_tags:most_commented_articles:103 - 获取最多评论缓存:most_commented_articles
2021-02-23 11:07:48.493 | INFO     | app_blog.views:get_queryset_from_cache:66 - 获取视图缓存, KEY: IndexView_1
2021-02-23 11:07:48.548 | INFO     | app_blog.templatetags.blog_tags:most_commented_articles:103 - 获取最多评论缓存:most_commented_articles
2021-02-23 11:07:53.945 | INFO     | app_blog.views:get_queryset_from_cache:66 - 获取视图缓存, KEY: IndexView_1
2021-02-23 11:07:53.993 | INFO     | app_blog.templatetags.blog_tags:most_commented_articles:103 - 获取最多评论缓存:most_commented_articles
2021-02-23 11:08:15.077 | INFO     | app_blog.templatetags.blog_tags:most_commented_articles:103 - 获取最多评论缓存:most_commented_articles
2021-02-23 11:08:17.774 | INFO     | app_blog.views:get_queryset_from_cache:71 - 设置视图缓存, KEY: IndexView_1
2021-02-23 11:08:17.777 | INFO     | app_blog.context_processors:seo_processor:18 - set processor cache.
2021-02-23 11:08:17.779 | INFO     | app_blog.utils:get_blog_setting:27 - set cache get_blog_setting
2021-02-23 11:08:17.833 | INFO     | app_blog.templatetags.blog_tags:most_commented_articles:107 - 设置最多评论缓存:most_commented_articles
2021-02-23 11:08:17.875 | ERROR    | app_user.middleware:__call__:43 - 不支持的 content 类型: "<class 'django.http.response.FileResponse'>"
2021-02-23 11:08:28.615 | INFO     | app_blog.views:get_queryset_from_cache:66 - 获取视图缓存, KEY: IndexView_1
2021-02-23 11:08:28.689 | INFO     | app_blog.templatetags.blog_tags:most_commented_articles:103 - 获取最多评论缓存:most_commented_articles
2021-02-23 11:09:15.625 | INFO     | app_blog.views:get_queryset_from_cache:66 - 获取视图缓存, KEY: IndexView_1
2021-02-23 11:09:15.676 | INFO     | app_blog.templatetags.blog_tags:most_commented_articles:103 - 获取最多评论缓存:most_commented_articles
2021-02-23 11:09:54.904 | INFO     | app_blog.views:get_queryset_from_cache:66 - 获取视图缓存, KEY: IndexView_1
2021-02-23 11:09:54.954 | INFO     | app_blog.templatetags.blog_tags:most_commented_articles:103 - 获取最多评论缓存:most_commented_articles
2021-02-23 11:10:38.568 | INFO     | app_blog.views:get_object:245 - 设置文章Markdown缓存, KEY: 8_md_20210222183041
2021-02-23 11:10:38.570 | INFO     | app_blog.models:comment_list:226 - 设置评论缓存:article_comments_8
2021-02-23 11:10:38.595 | INFO     | myweb.utils:news:64 - cache_decorator set cache:get_category_tree key:0ce336f72863d4f44fc0bdfc1fe4714f
2021-02-23 11:10:38.595 | INFO     | myweb.utils:news:64 - cache_decorator set cache:get_category_tree key:945e9de46b5502a33ab516621511c33e
2021-02-23 11:10:38.597 | INFO     | myweb.utils:news:64 - cache_decorator set cache:next_article key:a7f762f62930ac2938bae17fc0cb3ed8
2021-02-23 11:10:38.599 | INFO     | myweb.utils:news:64 - cache_decorator set cache:prev_article key:0b3e618b2c45d0373a2ff3e4acf83180
2021-02-23 11:10:38.604 | INFO     | app_blog.templatetags.blog_tags:similar_articles:139 - 设置相似文章缓存:similar_articles_8
2021-02-23 11:10:38.616 | INFO     | app_blog.templatetags.blog_tags:most_commented_articles:103 - 获取最多评论缓存:most_commented_articles
2021-02-23 11:11:30.086 | ERROR    | app_user.middleware:__call__:43 - 不支持的 content 类型: "<class 'django.http.response.FileResponse'>"
2021-02-23 11:11:30.088 | ERROR    | app_user.middleware:__call__:43 - 不支持的 content 类型: "<class 'django.http.response.FileResponse'>"
2021-02-23 11:11:30.096 | ERROR    | app_user.middleware:__call__:43 - 不支持的 content 类型: "<class 'django.http.response.FileResponse'>"
2021-02-23 11:11:30.096 | ERROR    | app_user.middleware:__call__:43 - 不支持的 content 类型: "<class 'django.http.response.FileResponse'>"
2021-02-23 11:11:30.099 | ERROR    | app_user.middleware:__call__:43 - 不支持的 content 类型: "<class 'django.http.response.FileResponse'>"
2021-02-23 11:11:30.105 | ERROR    | app_user.middleware:__call__:43 - 不支持的 content 类型: "<class 'django.http.response.FileResponse'>"
2021-02-23 11:11:31.772 | ERROR    | app_user.middleware:__call__:43 - 不支持的 content 类型: "<class 'django.http.response.FileResponse'>"
2021-02-23 11:11:31.776 | ERROR    | app_user.middleware:__call__:43 - 不支持的 content 类型: "<class 'django.http.response.FileResponse'>"
2021-02-23 11:11:31.782 | ERROR    | app_user.middleware:__call__:43 - 不支持的 content 类型: "<class 'django.http.response.FileResponse'>"
2021-02-23 11:11:31.785 | ERROR    | app_user.middleware:__call__:43 - 不支持的 content 类型: "<class 'django.http.response.FileResponse'>"
2021-02-23 11:11:31.789 | ERROR    | app_user.middleware:__call__:43 - 不支持的 content 类型: "<class 'django.http.response.FileResponse'>"
2021-02-23 11:11:31.791 | ERROR    | app_user.middleware:__call__:43 - 不支持的 content 类型: "<class 'django.http.response.FileResponse'>"
2021-02-23 11:11:31.794 | ERROR    | app_user.middleware:__call__:43 - 不支持的 content 类型: "<class 'django.http.response.FileResponse'>"
2021-02-23 11:11:31.802 | ERROR    | app_user.middleware:__call__:43 - 不支持的 content 类型: "<class 'django.http.response.FileResponse'>"
2021-02-23 11:11:31.808 | ERROR    | app_user.middleware:__call__:43 - 不支持的 content 类型: "<class 'django.http.response.FileResponse'>"
2021-02-23 11:11:31.815 | ERROR    | app_user.middleware:__call__:43 - 不支持的 content 类型: "<class 'django.http.response.FileResponse'>"
2021-02-23 11:11:31.822 | ERROR    | app_user.middleware:__call__:43 - 不支持的 content 类型: "<class 'django.http.response.FileResponse'>"
2021-02-23 11:11:31.828 | ERROR    | app_user.middleware:__call__:43 - 不支持的 content 类型: "<class 'django.http.response.FileResponse'>"
2021-02-23 11:11:31.832 | ERROR    | app_user.middleware:__call__:43 - 不支持的 content 类型: "<class 'django.http.response.FileResponse'>"
2021-02-23 11:11:31.839 | ERROR    | app_user.middleware:__call__:43 - 不支持的 content 类型: "<class 'django.http.response.FileResponse'>"
2021-02-23 11:11:31.851 | ERROR    | app_user.middleware:__call__:43 - 不支持的 content 类型: "<class 'django.http.response.FileResponse'>"
2021-02-23 11:11:31.858 | ERROR    | app_user.middleware:__call__:43 - 不支持的 content 类型: "<class 'django.http.response.FileResponse'>"
2021-02-23 11:11:31.862 | ERROR    | app_user.middleware:__call__:43 - 不支持的 content 类型: "<class 'django.http.response.FileResponse'>"
2021-02-23 11:11:31.872 | ERROR    | app_user.middleware:__call__:43 - 不支持的 content 类型: "<class 'django.http.response.FileResponse'>"
2021-02-23 11:11:31.880 | ERROR    | app_user.middleware:__call__:43 - 不支持的 content 类型: "<class 'django.http.response.FileResponse'>"
2021-02-23 11:11:31.884 | ERROR    | app_user.middleware:__call__:43 - 不支持的 content 类型: "<class 'django.http.response.FileResponse'>"
2021-02-23 11:11:31.906 | ERROR    | app_user.middleware:__call__:43 - 不支持的 content 类型: "<class 'django.http.response.FileResponse'>"
2021-02-23 11:11:31.913 | ERROR    | app_user.middleware:__call__:43 - 不支持的 content 类型: "<class 'django.http.response.FileResponse'>"
2021-02-23 11:11:31.914 | ERROR    | app_user.middleware:__call__:43 - 不支持的 content 类型: "<class 'django.http.response.FileResponse'>"
2021-02-23 11:11:31.919 | ERROR    | app_user.middleware:__call__:43 - 不支持的 content 类型: "<class 'django.http.response.FileResponse'>"
2021-02-23 11:11:31.921 | ERROR    | app_user.middleware:__call__:43 - 不支持的 content 类型: "<class 'django.http.response.FileResponse'>"
2021-02-23 11:11:31.925 | ERROR    | app_user.middleware:__call__:43 - 不支持的 content 类型: "<class 'django.http.response.FileResponse'>"
2021-02-23 11:11:31.932 | ERROR    | app_user.middleware:__call__:43 - 不支持的 content 类型: "<class 'django.http.response.FileResponse'>"
2021-02-23 11:11:31.940 | ERROR    | app_user.middleware:__call__:43 - 不支持的 content 类型: "<class 'django.http.response.FileResponse'>"
2021-02-23 11:11:31.944 | ERROR    | app_user.middleware:__call__:43 - 不支持的 content 类型: "<class 'django.http.response.FileResponse'>"
2021-02-23 11:12:01.991 | ERROR    | app_user.middleware:__call__:43 - 不支持的 content 类型: "<class 'django.http.response.FileResponse'>"
2021-02-23 11:12:09.534 | INFO     | app_blog.views:get_queryset_from_cache:66 - 获取视图缓存, KEY: IndexView_1
2021-02-23 11:12:09.587 | INFO     | app_blog.templatetags.blog_tags:most_commented_articles:103 - 获取最多评论缓存:most_commented_articles
2021-02-23 11:12:13.784 | ERROR    | app_user.middleware:__call__:43 - 不支持的 content 类型: "<class 'django.http.response.FileResponse'>"
2021-02-23 11:12:13.785 | ERROR    | app_user.middleware:__call__:43 - 不支持的 content 类型: "<class 'django.http.response.FileResponse'>"
2021-02-23 11:12:13.786 | ERROR    | app_user.middleware:__call__:43 - 不支持的 content 类型: "<class 'django.http.response.FileResponse'>"
2021-02-23 11:12:18.278 | INFO     | app_blog.views:get_queryset_from_cache:66 - 获取视图缓存, KEY: IndexView_1
2021-02-23 11:12:18.328 | INFO     | app_blog.templatetags.blog_tags:most_commented_articles:103 - 获取最多评论缓存:most_commented_articles
2021-02-23 11:12:20.764 | INFO     | app_blog.views:get_queryset_from_cache:66 - 获取视图缓存, KEY: IndexView_1
2021-02-23 11:12:20.814 | INFO     | app_blog.templatetags.blog_tags:most_commented_articles:103 - 获取最多评论缓存:most_commented_articles
2021-02-23 11:12:21.490 | INFO     | app_blog.views:get_queryset_from_cache:66 - 获取视图缓存, KEY: IndexView_1
2021-02-23 11:12:21.540 | INFO     | app_blog.templatetags.blog_tags:most_commented_articles:103 - 获取最多评论缓存:most_commented_articles
2021-02-23 11:12:22.318 | INFO     | app_blog.views:get_queryset_from_cache:66 - 获取视图缓存, KEY: IndexView_1
2021-02-23 11:12:22.375 | INFO     | app_blog.templatetags.blog_tags:most_commented_articles:103 - 获取最多评论缓存:most_commented_articles
2021-02-23 11:12:23.019 | INFO     | app_blog.views:get_queryset_from_cache:66 - 获取视图缓存, KEY: IndexView_1
2021-02-23 11:12:23.069 | INFO     | app_blog.templatetags.blog_tags:most_commented_articles:103 - 获取最多评论缓存:most_commented_articles
2021-02-23 11:12:23.819 | INFO     | app_blog.views:get_queryset_from_cache:66 - 获取视图缓存, KEY: IndexView_1
2021-02-23 11:12:23.875 | INFO     | app_blog.templatetags.blog_tags:most_commented_articles:103 - 获取最多评论缓存:most_commented_articles
2021-02-23 11:12:24.641 | INFO     | app_blog.views:get_queryset_from_cache:66 - 获取视图缓存, KEY: IndexView_1
2021-02-23 11:12:24.690 | INFO     | app_blog.templatetags.blog_tags:most_commented_articles:103 - 获取最多评论缓存:most_commented_articles
2021-02-23 11:12:25.426 | INFO     | app_blog.views:get_queryset_from_cache:66 - 获取视图缓存, KEY: IndexView_1
2021-02-23 11:12:25.482 | INFO     | app_blog.templatetags.blog_tags:most_commented_articles:103 - 获取最多评论缓存:most_commented_articles
2021-02-23 11:12:26.275 | INFO     | app_blog.views:get_queryset_from_cache:66 - 获取视图缓存, KEY: IndexView_1
2021-02-23 11:12:26.328 | INFO     | app_blog.templatetags.blog_tags:most_commented_articles:103 - 获取最多评论缓存:most_commented_articles
2021-02-23 11:12:27.091 | INFO     | app_blog.views:get_queryset_from_cache:66 - 获取视图缓存, KEY: IndexView_1
2021-02-23 11:12:27.152 | INFO     | app_blog.templatetags.blog_tags:most_commented_articles:103 - 获取最多评论缓存:most_commented_articles
2021-02-23 11:12:27.841 | INFO     | app_blog.views:get_queryset_from_cache:66 - 获取视图缓存, KEY: IndexView_1
2021-02-23 11:12:27.895 | INFO     | app_blog.templatetags.blog_tags:most_commented_articles:103 - 获取最多评论缓存:most_commented_articles
2021-02-23 11:12:28.706 | INFO     | app_blog.views:get_queryset_from_cache:66 - 获取视图缓存, KEY: IndexView_1
2021-02-23 11:12:28.756 | INFO     | app_blog.templatetags.blog_tags:most_commented_articles:103 - 获取最多评论缓存:most_commented_articles
2021-02-23 11:12:29.554 | INFO     | app_blog.views:get_queryset_from_cache:66 - 获取视图缓存, KEY: IndexView_1
2021-02-23 11:12:29.608 | INFO     | app_blog.templatetags.blog_tags:most_commented_articles:103 - 获取最多评论缓存:most_commented_articles
2021-02-23 11:12:30.388 | INFO     | app_blog.views:get_queryset_from_cache:66 - 获取视图缓存, KEY: IndexView_1
2021-02-23 11:12:30.440 | INFO     | app_blog.templatetags.blog_tags:most_commented_articles:103 - 获取最多评论缓存:most_commented_articles
2021-02-23 11:12:31.418 | INFO     | app_blog.views:get_queryset_from_cache:66 - 获取视图缓存, KEY: IndexView_1
2021-02-23 11:12:31.472 | INFO     | app_blog.templatetags.blog_tags:most_commented_articles:103 - 获取最多评论缓存:most_commented_articles
2021-02-23 11:12:32.563 | INFO     | app_blog.views:get_queryset_from_cache:66 - 获取视图缓存, KEY: IndexView_1
2021-02-23 11:12:32.622 | INFO     | app_blog.templatetags.blog_tags:most_commented_articles:103 - 获取最多评论缓存:most_commented_articles
2021-02-23 11:12:33.666 | INFO     | app_blog.views:get_queryset_from_cache:66 - 获取视图缓存, KEY: IndexView_1
2021-02-23 11:12:33.716 | INFO     | app_blog.templatetags.blog_tags:most_commented_articles:103 - 获取最多评论缓存:most_commented_articles
2021-02-23 11:12:36.194 | INFO     | app_blog.views:get_queryset_from_cache:66 - 获取视图缓存, KEY: IndexView_1
2021-02-23 11:12:36.246 | INFO     | app_blog.templatetags.blog_tags:most_commented_articles:103 - 获取最多评论缓存:most_commented_articles
2021-02-23 11:12:37.179 | INFO     | app_blog.views:get_queryset_from_cache:66 - 获取视图缓存, KEY: IndexView_1
2021-02-23 11:12:37.233 | INFO     | app_blog.templatetags.blog_tags:most_commented_articles:103 - 获取最多评论缓存:most_commented_articles
2021-02-23 11:12:38.740 | INFO     | app_blog.views:get_queryset_from_cache:66 - 获取视图缓存, KEY: IndexView_1
2021-02-23 11:12:38.792 | INFO     | app_blog.templatetags.blog_tags:most_commented_articles:103 - 获取最多评论缓存:most_commented_articles
2021-02-23 11:12:40.458 | INFO     | app_blog.views:get_queryset_from_cache:66 - 获取视图缓存, KEY: IndexView_1
2021-02-23 11:12:40.507 | INFO     | app_blog.templatetags.blog_tags:most_commented_articles:103 - 获取最多评论缓存:most_commented_articles
2021-02-23 11:12:41.620 | INFO     | app_blog.views:get_queryset_from_cache:66 - 获取视图缓存, KEY: IndexView_1
2021-02-23 11:12:41.676 | INFO     | app_blog.templatetags.blog_tags:most_commented_articles:103 - 获取最多评论缓存:most_commented_articles
2021-02-23 11:12:42.801 | INFO     | app_blog.views:get_queryset_from_cache:66 - 获取视图缓存, KEY: IndexView_1
2021-02-23 11:12:42.853 | INFO     | app_blog.templatetags.blog_tags:most_commented_articles:103 - 获取最多评论缓存:most_commented_articles
2021-02-23 11:12:43.872 | INFO     | app_blog.views:get_queryset_from_cache:66 - 获取视图缓存, KEY: IndexView_1
2021-02-23 11:12:43.926 | INFO     | app_blog.templatetags.blog_tags:most_commented_articles:103 - 获取最多评论缓存:most_commented_articles
2021-02-23 11:12:45.034 | INFO     | app_blog.views:get_queryset_from_cache:66 - 获取视图缓存, KEY: IndexView_1
2021-02-23 11:12:45.092 | INFO     | app_blog.templatetags.blog_tags:most_commented_articles:103 - 获取最多评论缓存:most_commented_articles
2021-02-23 11:12:50.665 | INFO     | app_blog.views:get_queryset_from_cache:66 - 获取视图缓存, KEY: IndexView_1
2021-02-23 11:12:50.721 | INFO     | app_blog.templatetags.blog_tags:most_commented_articles:103 - 获取最多评论缓存:most_commented_articles
2021-02-23 11:12:55.088 | INFO     | app_blog.views:get_queryset_from_cache:66 - 获取视图缓存, KEY: IndexView_1
2021-02-23 11:12:55.139 | INFO     | app_blog.templatetags.blog_tags:most_commented_articles:103 - 获取最多评论缓存:most_commented_articles
2021-02-23 11:12:56.051 | INFO     | app_blog.views:get_queryset_from_cache:66 - 获取视图缓存, KEY: IndexView_1
2021-02-23 11:12:56.106 | INFO     | app_blog.templatetags.blog_tags:most_commented_articles:103 - 获取最多评论缓存:most_commented_articles
2021-02-23 11:12:57.067 | INFO     | app_blog.views:get_queryset_from_cache:66 - 获取视图缓存, KEY: IndexView_1
2021-02-23 11:12:57.127 | INFO     | app_blog.templatetags.blog_tags:most_commented_articles:103 - 获取最多评论缓存:most_commented_articles
2021-02-23 11:12:57.891 | INFO     | app_blog.views:get_queryset_from_cache:66 - 获取视图缓存, KEY: IndexView_1
2021-02-23 11:12:57.951 | INFO     | app_blog.templatetags.blog_tags:most_commented_articles:103 - 获取最多评论缓存:most_commented_articles
2021-02-23 11:12:58.745 | INFO     | app_blog.views:get_queryset_from_cache:66 - 获取视图缓存, KEY: IndexView_1
2021-02-23 11:12:58.803 | INFO     | app_blog.templatetags.blog_tags:most_commented_articles:103 - 获取最多评论缓存:most_commented_articles
2021-02-23 11:12:59.577 | INFO     | app_blog.views:get_queryset_from_cache:66 - 获取视图缓存, KEY: IndexView_1
2021-02-23 11:12:59.628 | INFO     | app_blog.templatetags.blog_tags:most_commented_articles:103 - 获取最多评论缓存:most_commented_articles
2021-02-23 11:13:00.401 | INFO     | app_blog.views:get_queryset_from_cache:66 - 获取视图缓存, KEY: IndexView_1
2021-02-23 11:13:00.453 | INFO     | app_blog.templatetags.blog_tags:most_commented_articles:103 - 获取最多评论缓存:most_commented_articles
2021-02-23 11:13:01.314 | INFO     | app_blog.views:get_queryset_from_cache:66 - 获取视图缓存, KEY: IndexView_1
2021-02-23 11:13:01.377 | INFO     | app_blog.templatetags.blog_tags:most_commented_articles:103 - 获取最多评论缓存:most_commented_articles
2021-02-23 11:13:02.114 | INFO     | app_blog.views:get_queryset_from_cache:66 - 获取视图缓存, KEY: IndexView_1
2021-02-23 11:13:02.167 | INFO     | app_blog.templatetags.blog_tags:most_commented_articles:103 - 获取最多评论缓存:most_commented_articles
2021-02-23 11:13:02.816 | INFO     | app_blog.views:get_queryset_from_cache:66 - 获取视图缓存, KEY: IndexView_1
2021-02-23 11:13:02.867 | INFO     | app_blog.templatetags.blog_tags:most_commented_articles:103 - 获取最多评论缓存:most_commented_articles
2021-02-23 11:13:03.569 | INFO     | app_blog.views:get_queryset_from_cache:66 - 获取视图缓存, KEY: IndexView_1
2021-02-23 11:13:03.628 | INFO     | app_blog.templatetags.blog_tags:most_commented_articles:103 - 获取最多评论缓存:most_commented_articles
2021-02-23 11:13:04.319 | INFO     | app_blog.views:get_queryset_from_cache:66 - 获取视图缓存, KEY: IndexView_1
2021-02-23 11:13:04.370 | INFO     | app_blog.templatetags.blog_tags:most_commented_articles:103 - 获取最多评论缓存:most_commented_articles
2021-02-23 11:13:05.038 | INFO     | app_blog.views:get_queryset_from_cache:66 - 获取视图缓存, KEY: IndexView_1
2021-02-23 11:13:05.099 | INFO     | app_blog.templatetags.blog_tags:most_commented_articles:103 - 获取最多评论缓存:most_commented_articles
2021-02-23 11:13:05.809 | INFO     | app_blog.views:get_queryset_from_cache:66 - 获取视图缓存, KEY: IndexView_1
2021-02-23 11:13:05.866 | INFO     | app_blog.templatetags.blog_tags:most_commented_articles:103 - 获取最多评论缓存:most_commented_articles
2021-02-23 11:13:06.665 | INFO     | app_blog.views:get_queryset_from_cache:66 - 获取视图缓存, KEY: IndexView_1
2021-02-23 11:13:06.718 | INFO     | app_blog.templatetags.blog_tags:most_commented_articles:103 - 获取最多评论缓存:most_commented_articles
2021-02-23 11:13:07.472 | INFO     | app_blog.views:get_queryset_from_cache:66 - 获取视图缓存, KEY: IndexView_1
2021-02-23 11:13:07.525 | INFO     | app_blog.templatetags.blog_tags:most_commented_articles:103 - 获取最多评论缓存:most_commented_articles
2021-02-23 11:13:08.162 | INFO     | app_blog.views:get_queryset_from_cache:66 - 获取视图缓存, KEY: IndexView_1
2021-02-23 11:13:08.219 | INFO     | app_blog.templatetags.blog_tags:most_commented_articles:103 - 获取最多评论缓存:most_commented_articles
2021-02-23 11:13:08.941 | INFO     | app_blog.views:get_queryset_from_cache:66 - 获取视图缓存, KEY: IndexView_1
2021-02-23 11:13:08.998 | INFO     | app_blog.templatetags.blog_tags:most_commented_articles:103 - 获取最多评论缓存:most_commented_articles
2021-02-23 11:13:09.715 | INFO     | app_blog.views:get_queryset_from_cache:66 - 获取视图缓存, KEY: IndexView_1
2021-02-23 11:13:09.775 | INFO     | app_blog.templatetags.blog_tags:most_commented_articles:103 - 获取最多评论缓存:most_commented_articles
2021-02-23 11:13:10.464 | INFO     | app_blog.views:get_queryset_from_cache:66 - 获取视图缓存, KEY: IndexView_1
2021-02-23 11:13:10.520 | INFO     | app_blog.templatetags.blog_tags:most_commented_articles:103 - 获取最多评论缓存:most_commented_articles
2021-02-23 11:13:11.184 | INFO     | app_blog.views:get_queryset_from_cache:66 - 获取视图缓存, KEY: IndexView_1
2021-02-23 11:13:11.292 | INFO     | app_blog.templatetags.blog_tags:most_commented_articles:103 - 获取最多评论缓存:most_commented_articles
2021-02-23 11:13:11.983 | INFO     | app_blog.views:get_queryset_from_cache:66 - 获取视图缓存, KEY: IndexView_1
2021-02-23 11:13:12.042 | INFO     | app_blog.templatetags.blog_tags:most_commented_articles:103 - 获取最多评论缓存:most_commented_articles
2021-02-23 11:13:12.751 | INFO     | app_blog.views:get_queryset_from_cache:66 - 获取视图缓存, KEY: IndexView_1
2021-02-23 11:13:12.808 | INFO     | app_blog.templatetags.blog_tags:most_commented_articles:103 - 获取最多评论缓存:most_commented_articles
2021-02-23 11:13:13.552 | INFO     | app_blog.views:get_queryset_from_cache:66 - 获取视图缓存, KEY: IndexView_1
2021-02-23 11:13:13.614 | INFO     | app_blog.templatetags.blog_tags:most_commented_articles:103 - 获取最多评论缓存:most_commented_articles
2021-02-23 11:13:14.346 | INFO     | app_blog.views:get_queryset_from_cache:66 - 获取视图缓存, KEY: IndexView_1
2021-02-23 11:13:14.396 | INFO     | app_blog.templatetags.blog_tags:most_commented_articles:103 - 获取最多评论缓存:most_commented_articles
2021-02-23 11:13:15.130 | INFO     | app_blog.views:get_queryset_from_cache:66 - 获取视图缓存, KEY: IndexView_1
2021-02-23 11:13:15.191 | INFO     | app_blog.templatetags.blog_tags:most_commented_articles:103 - 获取最多评论缓存:most_commented_articles
2021-02-23 11:13:15.944 | INFO     | app_blog.views:get_queryset_from_cache:66 - 获取视图缓存, KEY: IndexView_1
2021-02-23 11:13:16.000 | INFO     | app_blog.templatetags.blog_tags:most_commented_articles:103 - 获取最多评论缓存:most_commented_articles
2021-02-23 11:13:16.720 | INFO     | app_blog.views:get_queryset_from_cache:66 - 获取视图缓存, KEY: IndexView_1
2021-02-23 11:13:16.772 | INFO     | app_blog.templatetags.blog_tags:most_commented_articles:103 - 获取最多评论缓存:most_commented_articles
2021-02-23 11:13:17.569 | INFO     | app_blog.views:get_queryset_from_cache:66 - 获取视图缓存, KEY: IndexView_1
2021-02-23 11:13:17.624 | INFO     | app_blog.templatetags.blog_tags:most_commented_articles:103 - 获取最多评论缓存:most_commented_articles
2021-02-23 11:13:18.456 | INFO     | app_blog.views:get_queryset_from_cache:66 - 获取视图缓存, KEY: IndexView_1
2021-02-23 11:13:18.516 | INFO     | app_blog.templatetags.blog_tags:most_commented_articles:103 - 获取最多评论缓存:most_commented_articles
2021-02-23 11:13:19.360 | INFO     | app_blog.views:get_queryset_from_cache:66 - 获取视图缓存, KEY: IndexView_1
2021-02-23 11:13:19.411 | INFO     | app_blog.templatetags.blog_tags:most_commented_articles:103 - 获取最多评论缓存:most_commented_articles
2021-02-23 11:13:20.160 | INFO     | app_blog.views:get_queryset_from_cache:66 - 获取视图缓存, KEY: IndexView_1
2021-02-23 11:13:20.215 | INFO     | app_blog.templatetags.blog_tags:most_commented_articles:103 - 获取最多评论缓存:most_commented_articles
2021-02-23 11:13:20.936 | INFO     | app_blog.views:get_queryset_from_cache:66 - 获取视图缓存, KEY: IndexView_1
2021-02-23 11:13:20.989 | INFO     | app_blog.templatetags.blog_tags:most_commented_articles:103 - 获取最多评论缓存:most_commented_articles
2021-02-23 11:13:21.731 | INFO     | app_blog.views:get_queryset_from_cache:66 - 获取视图缓存, KEY: IndexView_1
2021-02-23 11:13:21.788 | INFO     | app_blog.templatetags.blog_tags:most_commented_articles:103 - 获取最多评论缓存:most_commented_articles
2021-02-23 11:13:22.428 | INFO     | app_blog.views:get_queryset_from_cache:66 - 获取视图缓存, KEY: IndexView_1
2021-02-23 11:13:22.486 | INFO     | app_blog.templatetags.blog_tags:most_commented_articles:103 - 获取最多评论缓存:most_commented_articles
2021-02-23 11:13:23.138 | INFO     | app_blog.views:get_queryset_from_cache:66 - 获取视图缓存, KEY: IndexView_1
2021-02-23 11:13:23.191 | INFO     | app_blog.templatetags.blog_tags:most_commented_articles:103 - 获取最多评论缓存:most_commented_articles
2021-02-23 11:13:23.847 | INFO     | app_blog.views:get_queryset_from_cache:66 - 获取视图缓存, KEY: IndexView_1
2021-02-23 11:13:23.898 | INFO     | app_blog.templatetags.blog_tags:most_commented_articles:103 - 获取最多评论缓存:most_commented_articles
2021-02-23 11:13:26.384 | INFO     | app_blog.views:get_queryset_from_cache:66 - 获取视图缓存, KEY: IndexView_1
2021-02-23 11:13:26.437 | INFO     | app_blog.templatetags.blog_tags:most_commented_articles:103 - 获取最多评论缓存:most_commented_articles
2021-02-23 11:13:27.347 | INFO     | app_blog.views:get_queryset_from_cache:66 - 获取视图缓存, KEY: IndexView_1
2021-02-23 11:13:27.404 | INFO     | app_blog.templatetags.blog_tags:most_commented_articles:103 - 获取最多评论缓存:most_commented_articles
2021-02-23 11:13:27.855 | INFO     | app_blog.views:get_queryset_from_cache:66 - 获取视图缓存, KEY: IndexView_1
2021-02-23 11:13:27.921 | INFO     | app_blog.templatetags.blog_tags:most_commented_articles:103 - 获取最多评论缓存:most_commented_articles
2021-02-23 11:15:10.273 | INFO     | app_blog.views:get_queryset_from_cache:66 - 获取视图缓存, KEY: IndexView_1
2021-02-23 11:15:10.358 | INFO     | app_blog.templatetags.blog_tags:most_commented_articles:103 - 获取最多评论缓存:most_commented_articles
2021-02-23 11:15:14.434 | INFO     | app_blog.views:get_queryset_from_cache:66 - 获取视图缓存, KEY: IndexView_1
2021-02-23 11:15:14.484 | INFO     | app_blog.templatetags.blog_tags:most_commented_articles:103 - 获取最多评论缓存:most_commented_articles
2021-02-23 11:15:15.212 | INFO     | app_blog.views:get_queryset_from_cache:66 - 获取视图缓存, KEY: IndexView_1
2021-02-23 11:15:15.262 | INFO     | app_blog.templatetags.blog_tags:most_commented_articles:103 - 获取最多评论缓存:most_commented_articles
2021-02-23 11:15:16.230 | INFO     | app_blog.views:get_queryset_from_cache:66 - 获取视图缓存, KEY: IndexView_1
2021-02-23 11:15:16.287 | INFO     | app_blog.templatetags.blog_tags:most_commented_articles:103 - 获取最多评论缓存:most_commented_articles
2021-02-23 11:15:17.245 | INFO     | app_blog.views:get_queryset_from_cache:66 - 获取视图缓存, KEY: IndexView_1
2021-02-23 11:15:17.298 | INFO     | app_blog.templatetags.blog_tags:most_commented_articles:103 - 获取最多评论缓存:most_commented_articles
2021-02-23 11:15:18.099 | INFO     | app_blog.views:get_queryset_from_cache:66 - 获取视图缓存, KEY: IndexView_1
2021-02-23 11:15:18.148 | INFO     | app_blog.templatetags.blog_tags:most_commented_articles:103 - 获取最多评论缓存:most_commented_articles
2021-02-23 11:15:19.045 | INFO     | app_blog.views:get_queryset_from_cache:66 - 获取视图缓存, KEY: IndexView_1
2021-02-23 11:15:19.098 | INFO     | app_blog.templatetags.blog_tags:most_commented_articles:103 - 获取最多评论缓存:most_commented_articles
2021-02-23 11:17:12.257 | INFO     | app_blog.views:get_queryset_from_cache:66 - 获取视图缓存, KEY: IndexView_1
2021-02-23 11:17:12.318 | INFO     | app_blog.templatetags.blog_tags:most_commented_articles:103 - 获取最多评论缓存:most_commented_articles
2021-02-23 11:17:23.582 | INFO     | app_blog.views:get_object:235 - 获取文章Markdown缓存, KEY: 8_md_20210222183041
2021-02-23 11:17:23.585 | INFO     | app_blog.models:comment_list:226 - 设置评论缓存:article_comments_8
2021-02-23 11:17:23.610 | INFO     | app_blog.templatetags.blog_tags:similar_articles:132 - 获取相似文章缓存:similar_articles_8
2021-02-23 11:17:23.625 | INFO     | app_blog.templatetags.blog_tags:most_commented_articles:103 - 获取最多评论缓存:most_commented_articles
2021-02-23 11:17:28.185 | INFO     | app_blog.views:get_object:245 - 设置文章Markdown缓存, KEY: 4_md_20210222162019
2021-02-23 11:17:28.188 | INFO     | app_blog.models:comment_list:226 - 设置评论缓存:article_comments_4
2021-02-23 11:17:28.209 | INFO     | myweb.utils:news:64 - cache_decorator set cache:get_category_tree key:8a2f6bd93b9081cd4e5652f208d7f39e
2021-02-23 11:17:28.209 | INFO     | myweb.utils:news:64 - cache_decorator set cache:get_category_tree key:2b972497112b51d1c051ac18fc3634dc
2021-02-23 11:17:28.210 | INFO     | myweb.utils:news:64 - cache_decorator set cache:next_article key:354281c0e8ecc5406654599306045b18
2021-02-23 11:17:28.212 | INFO     | myweb.utils:news:64 - cache_decorator set cache:prev_article key:0732c37c0e2c2d0261ab1aec946f543f
2021-02-23 11:17:28.218 | INFO     | app_blog.templatetags.blog_tags:similar_articles:139 - 设置相似文章缓存:similar_articles_4
2021-02-23 11:17:28.257 | INFO     | app_blog.templatetags.blog_tags:most_commented_articles:103 - 获取最多评论缓存:most_commented_articles
2021-02-23 11:17:28.331 | ERROR    | app_user.middleware:__call__:43 - 不支持的 content 类型: "<class 'django.http.response.FileResponse'>"
2021-02-23 11:17:49.116 | INFO     | app_blog.views:get_object:235 - 获取文章Markdown缓存, KEY: 4_md_20210222162019
2021-02-23 11:17:49.117 | INFO     | app_blog.models:comment_list:221 - 获取评论缓存:article_comments_4
2021-02-23 11:17:49.141 | INFO     | app_blog.templatetags.blog_tags:similar_articles:139 - 设置相似文章缓存:similar_articles_4
2021-02-23 11:17:49.176 | INFO     | app_blog.templatetags.blog_tags:most_commented_articles:103 - 获取最多评论缓存:most_commented_articles
2021-02-23 11:18:54.813 | INFO     | app_blog.views:get_object:235 - 获取文章Markdown缓存, KEY: 4_md_20210222162019
2021-02-23 11:18:54.814 | INFO     | app_blog.models:comment_list:221 - 获取评论缓存:article_comments_4
2021-02-23 11:18:54.845 | INFO     | app_blog.templatetags.blog_tags:similar_articles:139 - 设置相似文章缓存:similar_articles_4
2021-02-23 11:18:54.915 | INFO     | app_blog.templatetags.blog_tags:most_commented_articles:103 - 获取最多评论缓存:most_commented_articles
2021-02-23 11:18:55.159 | ERROR    | app_user.middleware:__call__:43 - 不支持的 content 类型: "<class 'django.http.response.FileResponse'>"
2021-02-23 11:18:55.167 | ERROR    | app_user.middleware:__call__:43 - 不支持的 content 类型: "<class 'django.http.response.FileResponse'>"
2021-02-23 11:19:02.654 | INFO     | app_blog.views:get_queryset_from_cache:66 - 获取视图缓存, KEY: IndexView_1
2021-02-23 11:19:02.710 | INFO     | app_blog.templatetags.blog_tags:most_commented_articles:103 - 获取最多评论缓存:most_commented_articles
2021-02-23 11:21:25.662 | INFO     | app_blog.views:get_queryset_from_cache:66 - 获取视图缓存, KEY: IndexView_1
2021-02-23 11:21:25.720 | INFO     | app_blog.templatetags.blog_tags:most_commented_articles:103 - 获取最多评论缓存:most_commented_articles
2021-02-23 11:21:47.222 | INFO     | app_blog.views:get_queryset_from_cache:66 - 获取视图缓存, KEY: IndexView_1
2021-02-23 11:21:47.274 | INFO     | app_blog.templatetags.blog_tags:most_commented_articles:103 - 获取最多评论缓存:most_commented_articles
2021-02-23 11:21:54.248 | INFO     | app_blog.views:get_queryset_from_cache:66 - 获取视图缓存, KEY: IndexView_1
2021-02-23 11:21:54.297 | INFO     | app_blog.templatetags.blog_tags:most_commented_articles:103 - 获取最多评论缓存:most_commented_articles
2021-02-23 11:21:57.969 | INFO     | app_blog.views:get_object:235 - 获取文章Markdown缓存, KEY: 8_md_20210222183041
2021-02-23 11:21:57.971 | INFO     | app_blog.models:comment_list:226 - 设置评论缓存:article_comments_8
2021-02-23 11:21:57.990 | INFO     | app_blog.templatetags.blog_tags:similar_articles:132 - 获取相似文章缓存:similar_articles_8
2021-02-23 11:21:57.993 | INFO     | app_blog.templatetags.blog_tags:most_commented_articles:103 - 获取最多评论缓存:most_commented_articles
2021-02-23 11:22:10.145 | INFO     | app_blog.views:get_queryset_from_cache:66 - 获取视图缓存, KEY: IndexView_1
2021-02-23 11:22:10.195 | INFO     | app_blog.templatetags.blog_tags:most_commented_articles:103 - 获取最多评论缓存:most_commented_articles
2021-02-23 11:25:31.450 | INFO     | app_blog.views:get_object:235 - 获取文章Markdown缓存, KEY: 8_md_20210222183041
2021-02-23 11:25:31.451 | INFO     | app_blog.models:comment_list:226 - 设置评论缓存:article_comments_8
2021-02-23 11:25:31.471 | INFO     | app_blog.templatetags.blog_tags:similar_articles:132 - 获取相似文章缓存:similar_articles_8
2021-02-23 11:25:31.484 | INFO     | app_blog.templatetags.blog_tags:most_commented_articles:103 - 获取最多评论缓存:most_commented_articles
2021-02-23 11:29:37.516 | INFO     | app_blog.views:get_queryset_from_cache:66 - 获取视图缓存, KEY: IndexView_1
2021-02-23 11:29:37.577 | INFO     | app_blog.templatetags.blog_tags:most_commented_articles:103 - 获取最多评论缓存:most_commented_articles
2021-02-23 11:30:24.386 | INFO     | app_blog.views:get_queryset_from_cache:66 - 获取视图缓存, KEY: IndexView_1
2021-02-23 11:30:24.453 | INFO     | app_blog.templatetags.blog_tags:most_commented_articles:103 - 获取最多评论缓存:most_commented_articles
2021-02-23 11:30:24.621 | ERROR    | app_user.middleware:__call__:43 - 不支持的 content 类型: "<class 'django.http.response.FileResponse'>"
2021-02-23 11:31:11.060 | INFO     | app_blog.views:get_object:235 - 获取文章Markdown缓存, KEY: 8_md_20210222183041
2021-02-23 11:31:11.063 | INFO     | app_blog.models:comment_list:226 - 设置评论缓存:article_comments_8
2021-02-23 11:31:11.086 | INFO     | app_blog.templatetags.blog_tags:similar_articles:132 - 获取相似文章缓存:similar_articles_8
2021-02-23 11:31:11.100 | INFO     | app_blog.templatetags.blog_tags:most_commented_articles:103 - 获取最多评论缓存:most_commented_articles
2021-02-23 11:32:06.167 | INFO     | app_blog.views:get_queryset_from_cache:66 - 获取视图缓存, KEY: IndexView_1
2021-02-23 11:32:06.226 | INFO     | app_blog.templatetags.blog_tags:most_commented_articles:103 - 获取最多评论缓存:most_commented_articles
2021-02-23 11:43:00.390 | INFO     | app_blog.views:get_object:235 - 获取文章Markdown缓存, KEY: 8_md_20210222183041
2021-02-23 11:43:00.393 | INFO     | app_blog.models:comment_list:226 - 设置评论缓存:article_comments_8
2021-02-23 11:43:00.424 | INFO     | app_blog.templatetags.blog_tags:similar_articles:132 - 获取相似文章缓存:similar_articles_8
2021-02-23 11:43:00.439 | INFO     | app_blog.templatetags.blog_tags:most_commented_articles:103 - 获取最多评论缓存:most_commented_articles
2021-02-23 14:03:54.887 | INFO     | app_blog.views:get_object:245 - 设置文章Markdown缓存, KEY: 8_md_20210222183041
2021-02-23 14:03:54.894 | INFO     | app_blog.models:comment_list:226 - 设置评论缓存:article_comments_8
2021-02-23 14:03:54.911 | INFO     | app_blog.context_processors:seo_processor:18 - set processor cache.
2021-02-23 14:03:54.914 | INFO     | app_blog.utils:get_blog_setting:27 - set cache get_blog_setting
2021-02-23 14:03:54.993 | INFO     | myweb.utils:news:64 - cache_decorator set cache:get_category_tree key:ca67ebb1e640c07b887b76a1db1b427e
2021-02-23 14:03:54.993 | INFO     | myweb.utils:news:64 - cache_decorator set cache:get_category_tree key:95260c7e7477b6c03e278c85f340636d
2021-02-23 14:03:54.996 | INFO     | myweb.utils:news:64 - cache_decorator set cache:next_article key:e96ac7fbb304174d3ba8b352a86f97ad
2021-02-23 14:03:55.004 | INFO     | myweb.utils:news:64 - cache_decorator set cache:prev_article key:1c4fec166b8b5d6fb826e10747fefee8
2021-02-23 14:03:55.010 | INFO     | app_blog.templatetags.blog_tags:similar_articles:139 - 设置相似文章缓存:similar_articles_8
2021-02-23 14:03:55.020 | INFO     | app_blog.templatetags.blog_tags:most_commented_articles:107 - 设置最多评论缓存:most_commented_articles
2021-02-23 14:05:17.173 | INFO     | app_blog.views:get_object:235 - 获取文章Markdown缓存, KEY: 8_md_20210222183041
2021-02-23 14:05:17.176 | INFO     | app_blog.models:comment_list:226 - 设置评论缓存:article_comments_8
2021-02-23 14:05:17.199 | INFO     | app_blog.templatetags.blog_tags:similar_articles:132 - 获取相似文章缓存:similar_articles_8
2021-02-23 14:05:17.203 | INFO     | app_blog.templatetags.blog_tags:most_commented_articles:103 - 获取最多评论缓存:most_commented_articles
2021-02-23 14:06:07.273 | INFO     | app_blog.views:get_object:235 - 获取文章Markdown缓存, KEY: 8_md_20210222183041
2021-02-23 14:06:07.275 | INFO     | app_blog.models:comment_list:226 - 设置评论缓存:article_comments_8
2021-02-23 14:06:07.294 | INFO     | app_blog.templatetags.blog_tags:similar_articles:132 - 获取相似文章缓存:similar_articles_8
2021-02-23 14:06:07.299 | INFO     | app_blog.templatetags.blog_tags:most_commented_articles:103 - 获取最多评论缓存:most_commented_articles
2021-02-23 14:06:30.213 | INFO     | app_blog.views:get_object:235 - 获取文章Markdown缓存, KEY: 8_md_20210222183041
2021-02-23 14:06:30.215 | INFO     | app_blog.models:comment_list:226 - 设置评论缓存:article_comments_8
2021-02-23 14:06:30.236 | INFO     | app_blog.templatetags.blog_tags:similar_articles:132 - 获取相似文章缓存:similar_articles_8
2021-02-23 14:06:30.240 | INFO     | app_blog.templatetags.blog_tags:most_commented_articles:103 - 获取最多评论缓存:most_commented_articles
2021-02-23 14:08:23.280 | INFO     | app_blog.views:get_object:235 - 获取文章Markdown缓存, KEY: 8_md_20210222183041
2021-02-23 14:08:23.282 | INFO     | app_blog.models:comment_list:226 - 设置评论缓存:article_comments_8
2021-02-23 14:08:23.301 | INFO     | app_blog.templatetags.blog_tags:similar_articles:132 - 获取相似文章缓存:similar_articles_8
2021-02-23 14:08:23.305 | INFO     | app_blog.templatetags.blog_tags:most_commented_articles:103 - 获取最多评论缓存:most_commented_articles
2021-02-23 14:09:02.146 | INFO     | app_blog.views:get_object:235 - 获取文章Markdown缓存, KEY: 8_md_20210222183041
2021-02-23 14:09:02.148 | INFO     | app_blog.models:comment_list:226 - 设置评论缓存:article_comments_8
2021-02-23 14:09:02.191 | INFO     | app_blog.templatetags.blog_tags:similar_articles:132 - 获取相似文章缓存:similar_articles_8
2021-02-23 14:09:02.196 | INFO     | app_blog.templatetags.blog_tags:most_commented_articles:103 - 获取最多评论缓存:most_commented_articles
2021-02-23 14:09:19.809 | INFO     | app_blog.views:get_queryset_from_cache:71 - 设置视图缓存, KEY: IndexView_1
2021-02-23 14:09:19.875 | INFO     | app_blog.templatetags.blog_tags:most_commented_articles:103 - 获取最多评论缓存:most_commented_articles
2021-02-23 14:09:22.946 | INFO     | app_blog.views:get_queryset_from_cache:66 - 获取视图缓存, KEY: IndexView_1
2021-02-23 14:09:22.997 | INFO     | app_blog.templatetags.blog_tags:most_commented_articles:103 - 获取最多评论缓存:most_commented_articles
2021-02-23 14:09:25.739 | INFO     | app_blog.views:get_queryset_from_cache:66 - 获取视图缓存, KEY: IndexView_1
2021-02-23 14:09:25.793 | INFO     | app_blog.templatetags.blog_tags:most_commented_articles:103 - 获取最多评论缓存:most_commented_articles
2021-02-23 14:09:35.384 | INFO     | app_blog.views:get_object:245 - 设置文章Markdown缓存, KEY: 4_md_20210222162019
2021-02-23 14:09:35.387 | INFO     | app_blog.models:comment_list:226 - 设置评论缓存:article_comments_4
2021-02-23 14:09:35.402 | INFO     | myweb.utils:news:64 - cache_decorator set cache:get_category_tree key:88f43ffb9b0dc7a2911d68afbe56db04
2021-02-23 14:09:35.402 | INFO     | myweb.utils:news:64 - cache_decorator set cache:get_category_tree key:6789171ee57b706056c939896f71944a
2021-02-23 14:09:35.404 | INFO     | myweb.utils:news:64 - cache_decorator set cache:next_article key:0b6b48da49d5a9e292d0ef25306cbbc0
2021-02-23 14:09:35.406 | INFO     | myweb.utils:news:64 - cache_decorator set cache:prev_article key:a42f53d105c8f3a458527f78ebc04ae4
2021-02-23 14:09:35.411 | INFO     | app_blog.templatetags.blog_tags:similar_articles:139 - 设置相似文章缓存:similar_articles_4
2021-02-23 14:09:35.439 | INFO     | app_blog.templatetags.blog_tags:most_commented_articles:103 - 获取最多评论缓存:most_commented_articles
2021-02-23 14:09:35.543 | ERROR    | app_user.middleware:__call__:43 - 不支持的 content 类型: "<class 'django.http.response.FileResponse'>"
2021-02-23 14:09:35.549 | ERROR    | app_user.middleware:__call__:43 - 不支持的 content 类型: "<class 'django.http.response.FileResponse'>"
2021-02-23 14:09:42.244 | INFO     | app_blog.views:get_object:235 - 获取文章Markdown缓存, KEY: 4_md_20210222162019
2021-02-23 14:09:42.245 | INFO     | app_blog.models:comment_list:221 - 获取评论缓存:article_comments_4
2021-02-23 14:09:42.267 | INFO     | app_blog.templatetags.blog_tags:similar_articles:139 - 设置相似文章缓存:similar_articles_4
2021-02-23 14:09:42.299 | INFO     | app_blog.templatetags.blog_tags:most_commented_articles:103 - 获取最多评论缓存:most_commented_articles
2021-02-23 14:11:35.549 | INFO     | app_blog.views:get_queryset_from_cache:66 - 获取视图缓存, KEY: IndexView_1
2021-02-23 14:11:35.604 | INFO     | app_blog.templatetags.blog_tags:most_commented_articles:103 - 获取最多评论缓存:most_commented_articles
2021-02-23 14:11:52.057 | INFO     | app_blog.views:get_object:235 - 获取文章Markdown缓存, KEY: 8_md_20210222183041
2021-02-23 14:11:52.059 | INFO     | app_blog.models:comment_list:226 - 设置评论缓存:article_comments_8
2021-02-23 14:11:52.079 | INFO     | app_blog.templatetags.blog_tags:similar_articles:132 - 获取相似文章缓存:similar_articles_8
2021-02-23 14:11:52.083 | INFO     | app_blog.templatetags.blog_tags:most_commented_articles:103 - 获取最多评论缓存:most_commented_articles
2021-02-23 14:12:45.916 | INFO     | app_blog.views:get_object:235 - 获取文章Markdown缓存, KEY: 8_md_20210222183041
2021-02-23 14:12:45.919 | INFO     | app_blog.models:comment_list:226 - 设置评论缓存:article_comments_8
2021-02-23 14:12:45.946 | INFO     | app_blog.templatetags.blog_tags:similar_articles:132 - 获取相似文章缓存:similar_articles_8
2021-02-23 14:12:45.978 | INFO     | app_blog.templatetags.blog_tags:most_commented_articles:103 - 获取最多评论缓存:most_commented_articles
2021-02-23 14:18:46.717 | INFO     | app_blog.views:get_object:235 - 获取文章Markdown缓存, KEY: 8_md_20210222183041
2021-02-23 14:18:46.720 | INFO     | app_blog.models:comment_list:226 - 设置评论缓存:article_comments_8
2021-02-23 14:18:46.742 | INFO     | app_blog.templatetags.blog_tags:similar_articles:132 - 获取相似文章缓存:similar_articles_8
2021-02-23 14:18:46.749 | INFO     | app_blog.templatetags.blog_tags:most_commented_articles:103 - 获取最多评论缓存:most_commented_articles
2021-02-23 14:19:56.900 | INFO     | app_blog.views:get_object:235 - 获取文章Markdown缓存, KEY: 8_md_20210222183041
2021-02-23 14:19:56.902 | INFO     | app_blog.models:comment_list:226 - 设置评论缓存:article_comments_8
2021-02-23 14:19:56.925 | INFO     | app_blog.templatetags.blog_tags:similar_articles:132 - 获取相似文章缓存:similar_articles_8
2021-02-23 14:19:56.929 | INFO     | app_blog.templatetags.blog_tags:most_commented_articles:103 - 获取最多评论缓存:most_commented_articles
2021-02-23 14:23:00.409 | INFO     | app_blog.views:get_object:235 - 获取文章Markdown缓存, KEY: 8_md_20210222183041
2021-02-23 14:23:00.413 | INFO     | app_blog.models:comment_list:226 - 设置评论缓存:article_comments_8
2021-02-23 14:23:00.445 | INFO     | app_blog.templatetags.blog_tags:similar_articles:132 - 获取相似文章缓存:similar_articles_8
2021-02-23 14:23:00.449 | INFO     | app_blog.templatetags.blog_tags:most_commented_articles:103 - 获取最多评论缓存:most_commented_articles
2021-02-23 15:25:48.824 | INFO     | app_blog.views:get_object:235 - 获取文章Markdown缓存, KEY: 8_md_20210222183041
2021-02-23 15:25:48.831 | INFO     | app_blog.models:comment_list:226 - 设置评论缓存:article_comments_8
2021-02-23 15:25:48.869 | INFO     | app_blog.templatetags.blog_tags:similar_articles:132 - 获取相似文章缓存:similar_articles_8
2021-02-23 15:25:48.874 | INFO     | app_blog.templatetags.blog_tags:most_commented_articles:103 - 获取最多评论缓存:most_commented_articles
2021-02-23 15:31:17.291 | INFO     | app_blog.views:get_object:235 - 获取文章Markdown缓存, KEY: 8_md_20210222183041
2021-02-23 15:31:17.294 | INFO     | app_blog.models:comment_list:226 - 设置评论缓存:article_comments_8
2021-02-23 15:31:17.318 | INFO     | app_blog.templatetags.blog_tags:similar_articles:132 - 获取相似文章缓存:similar_articles_8
2021-02-23 15:31:17.323 | INFO     | app_blog.templatetags.blog_tags:most_commented_articles:103 - 获取最多评论缓存:most_commented_articles
2021-02-23 15:31:18.284 | INFO     | app_blog.views:get_queryset_from_cache:66 - 获取视图缓存, KEY: IndexView_1
2021-02-23 15:31:18.347 | INFO     | app_blog.templatetags.blog_tags:most_commented_articles:103 - 获取最多评论缓存:most_commented_articles
2021-02-23 15:31:23.486 | INFO     | app_blog.views:get_queryset_from_cache:66 - 获取视图缓存, KEY: IndexView_1
2021-02-23 15:31:23.535 | INFO     | app_blog.templatetags.blog_tags:most_commented_articles:103 - 获取最多评论缓存:most_commented_articles
2021-02-23 15:31:58.317 | INFO     | app_blog.views:get_queryset_from_cache:66 - 获取视图缓存, KEY: IndexView_1
2021-02-23 15:31:58.367 | INFO     | app_blog.templatetags.blog_tags:most_commented_articles:103 - 获取最多评论缓存:most_commented_articles
2021-02-23 15:43:59.591 | INFO     | app_blog.views:get_queryset_from_cache:66 - 获取视图缓存, KEY: IndexView_1
2021-02-23 15:43:59.687 | INFO     | app_blog.templatetags.blog_tags:most_commented_articles:107 - 设置最多评论缓存:most_commented_articles
2021-02-23 15:44:55.443 | INFO     | app_blog.views:get_object:235 - 获取文章Markdown缓存, KEY: 4_md_20210222162019
2021-02-23 15:44:55.445 | INFO     | app_blog.models:comment_list:221 - 获取评论缓存:article_comments_4
2021-02-23 15:44:55.475 | INFO     | app_blog.templatetags.blog_tags:similar_articles:139 - 设置相似文章缓存:similar_articles_4
2021-02-23 15:44:55.509 | INFO     | app_blog.templatetags.blog_tags:most_commented_articles:103 - 获取最多评论缓存:most_commented_articles
2021-02-23 15:44:55.706 | ERROR    | app_user.middleware:__call__:43 - 不支持的 content 类型: "<class 'django.http.response.FileResponse'>"
2021-02-23 15:44:55.706 | ERROR    | app_user.middleware:__call__:43 - 不支持的 content 类型: "<class 'django.http.response.FileResponse'>"
2021-02-23 15:55:43.671 | INFO     | app_blog.views:get_queryset_from_cache:66 - 获取视图缓存, KEY: IndexView_1
2021-02-23 15:55:43.743 | INFO     | app_blog.templatetags.blog_tags:most_commented_articles:103 - 获取最多评论缓存:most_commented_articles
2021-02-23 15:56:32.703 | INFO     | app_blog.views:get_object:235 - 获取文章Markdown缓存, KEY: 8_md_20210222183041
2021-02-23 15:56:32.705 | INFO     | app_blog.models:comment_list:226 - 设置评论缓存:article_comments_8
2021-02-23 15:56:32.724 | INFO     | myweb.utils:news:64 - cache_decorator set cache:next_article key:e96ac7fbb304174d3ba8b352a86f97ad
2021-02-23 15:56:32.725 | INFO     | myweb.utils:news:64 - cache_decorator set cache:prev_article key:1c4fec166b8b5d6fb826e10747fefee8
2021-02-23 15:56:32.730 | INFO     | app_blog.templatetags.blog_tags:similar_articles:139 - 设置相似文章缓存:similar_articles_8
2021-02-23 15:56:32.735 | INFO     | app_blog.templatetags.blog_tags:most_commented_articles:103 - 获取最多评论缓存:most_commented_articles
2021-02-23 16:09:14.356 | INFO     | app_blog.views:get_queryset_from_cache:66 - 获取视图缓存, KEY: IndexView_1
2021-02-23 16:09:14.419 | INFO     | app_blog.templatetags.blog_tags:most_commented_articles:103 - 获取最多评论缓存:most_commented_articles
2021-02-23 16:13:50.214 | INFO     | app_blog.views:get_object:235 - 获取文章Markdown缓存, KEY: 8_md_20210222183041
2021-02-23 16:13:50.216 | INFO     | app_blog.models:comment_list:226 - 设置评论缓存:article_comments_8
2021-02-23 16:13:50.236 | INFO     | app_blog.templatetags.blog_tags:similar_articles:132 - 获取相似文章缓存:similar_articles_8
2021-02-23 16:13:50.239 | INFO     | app_blog.templatetags.blog_tags:most_commented_articles:103 - 获取最多评论缓存:most_commented_articles
2021-02-23 16:36:27.680 | INFO     | app_blog.views:get_queryset_from_cache:66 - 获取视图缓存, KEY: IndexView_1
2021-02-23 16:36:27.742 | INFO     | app_blog.templatetags.blog_tags:most_commented_articles:103 - 获取最多评论缓存:most_commented_articles
2021-02-23 16:39:57.139 | INFO     | app_blog.views:get_queryset_from_cache:66 - 获取视图缓存, KEY: IndexView_1
2021-02-23 16:39:57.207 | INFO     | app_blog.templatetags.blog_tags:most_commented_articles:103 - 获取最多评论缓存:most_commented_articles
2021-02-23 16:41:28.237 | INFO     | app_blog.views:get_queryset_from_cache:66 - 获取视图缓存, KEY: IndexView_1
2021-02-23 16:41:28.293 | INFO     | app_blog.templatetags.blog_tags:most_commented_articles:103 - 获取最多评论缓存:most_commented_articles
2021-02-23 16:41:38.478 | INFO     | app_blog.views:get_queryset_from_cache:66 - 获取视图缓存, KEY: IndexView_1
2021-02-23 16:41:38.529 | INFO     | app_blog.templatetags.blog_tags:most_commented_articles:103 - 获取最多评论缓存:most_commented_articles
2021-02-23 16:42:02.754 | INFO     | app_blog.views:get_queryset_from_cache:66 - 获取视图缓存, KEY: IndexView_1
2021-02-23 16:42:02.934 | INFO     | app_blog.templatetags.blog_tags:most_commented_articles:103 - 获取最多评论缓存:most_commented_articles
2021-02-23 16:42:12.399 | INFO     | app_blog.views:get_queryset_from_cache:66 - 获取视图缓存, KEY: IndexView_1
2021-02-23 16:42:12.457 | INFO     | app_blog.templatetags.blog_tags:most_commented_articles:103 - 获取最多评论缓存:most_commented_articles
2021-02-23 16:42:47.919 | INFO     | app_blog.views:get_queryset_from_cache:66 - 获取视图缓存, KEY: IndexView_1
2021-02-23 16:42:47.982 | INFO     | app_blog.templatetags.blog_tags:most_commented_articles:103 - 获取最多评论缓存:most_commented_articles
2021-02-23 16:42:53.355 | INFO     | app_blog.views:get_queryset_from_cache:66 - 获取视图缓存, KEY: IndexView_1
2021-02-23 16:42:53.402 | INFO     | app_blog.templatetags.blog_tags:most_commented_articles:103 - 获取最多评论缓存:most_commented_articles
2021-02-23 16:43:08.847 | INFO     | app_blog.views:get_queryset_from_cache:66 - 获取视图缓存, KEY: IndexView_1
2021-02-23 16:43:08.905 | INFO     | app_blog.templatetags.blog_tags:most_commented_articles:103 - 获取最多评论缓存:most_commented_articles
2021-02-23 16:43:13.408 | INFO     | app_blog.views:get_queryset_from_cache:66 - 获取视图缓存, KEY: IndexView_1
2021-02-23 16:43:13.455 | INFO     | app_blog.templatetags.blog_tags:most_commented_articles:103 - 获取最多评论缓存:most_commented_articles
2021-02-23 16:43:56.400 | INFO     | app_blog.views:get_queryset_from_cache:66 - 获取视图缓存, KEY: IndexView_1
2021-02-23 16:43:56.455 | INFO     | app_blog.templatetags.blog_tags:most_commented_articles:103 - 获取最多评论缓存:most_commented_articles
2021-02-23 16:46:30.818 | INFO     | app_blog.views:get_queryset_from_cache:66 - 获取视图缓存, KEY: IndexView_1
2021-02-23 16:46:30.891 | INFO     | app_blog.templatetags.blog_tags:most_commented_articles:103 - 获取最多评论缓存:most_commented_articles
2021-02-23 16:50:26.807 | INFO     | app_blog.views:get_queryset_from_cache:66 - 获取视图缓存, KEY: IndexView_1
2021-02-23 16:50:26.866 | INFO     | app_blog.templatetags.blog_tags:most_commented_articles:103 - 获取最多评论缓存:most_commented_articles
2021-02-23 16:52:32.900 | INFO     | app_blog.views:get_queryset_from_cache:66 - 获取视图缓存, KEY: IndexView_1
2021-02-23 16:52:32.949 | INFO     | app_blog.templatetags.blog_tags:most_commented_articles:103 - 获取最多评论缓存:most_commented_articles
2021-02-23 16:52:37.430 | INFO     | app_blog.views:get_queryset_from_cache:66 - 获取视图缓存, KEY: IndexView_1
2021-02-23 16:52:37.492 | INFO     | app_blog.templatetags.blog_tags:most_commented_articles:103 - 获取最多评论缓存:most_commented_articles
2021-02-23 16:53:25.034 | INFO     | app_blog.views:get_queryset_from_cache:66 - 获取视图缓存, KEY: IndexView_1
2021-02-23 16:53:25.081 | INFO     | app_blog.templatetags.blog_tags:most_commented_articles:103 - 获取最多评论缓存:most_commented_articles
2021-02-23 16:53:46.874 | INFO     | app_blog.views:get_queryset_from_cache:66 - 获取视图缓存, KEY: IndexView_1
2021-02-23 16:53:46.923 | INFO     | app_blog.templatetags.blog_tags:most_commented_articles:103 - 获取最多评论缓存:most_commented_articles
2021-02-23 16:54:04.040 | INFO     | app_blog.views:get_queryset_from_cache:66 - 获取视图缓存, KEY: IndexView_1
2021-02-23 16:54:04.086 | INFO     | app_blog.templatetags.blog_tags:most_commented_articles:103 - 获取最多评论缓存:most_commented_articles
2021-02-23 16:54:21.060 | INFO     | app_blog.views:get_queryset_from_cache:66 - 获取视图缓存, KEY: IndexView_1
2021-02-23 16:54:21.113 | INFO     | app_blog.templatetags.blog_tags:most_commented_articles:103 - 获取最多评论缓存:most_commented_articles
2021-02-23 17:16:04.438 | INFO     | app_blog.views:get_queryset_from_cache:71 - 设置视图缓存, KEY: IndexView_1
2021-02-23 17:16:04.481 | INFO     | app_blog.utils:get_blog_setting:27 - set cache get_blog_setting
2021-02-23 17:16:04.512 | INFO     | app_blog.templatetags.blog_tags:most_commented_articles:103 - 获取最多评论缓存:most_commented_articles
2021-02-23 17:16:06.088 | INFO     | app_blog.views:get_queryset_from_cache:66 - 获取视图缓存, KEY: IndexView_1
2021-02-23 17:16:06.139 | INFO     | app_blog.templatetags.blog_tags:most_commented_articles:103 - 获取最多评论缓存:most_commented_articles
2021-02-23 17:16:18.572 | INFO     | app_blog.views:get_queryset_from_cache:66 - 获取视图缓存, KEY: IndexView_1
2021-02-23 17:16:18.627 | INFO     | app_blog.templatetags.blog_tags:most_commented_articles:103 - 获取最多评论缓存:most_commented_articles
2021-02-23 17:17:12.525 | INFO     | app_blog.views:get_queryset_from_cache:66 - 获取视图缓存, KEY: IndexView_1
2021-02-23 17:17:12.595 | INFO     | app_blog.templatetags.blog_tags:most_commented_articles:103 - 获取最多评论缓存:most_commented_articles
2021-02-23 17:18:39.424 | INFO     | app_blog.views:get_object:245 - 设置文章Markdown缓存, KEY: 5_md_20210216164210
2021-02-23 17:18:39.426 | INFO     | app_blog.models:comment_list:226 - 设置评论缓存:article_comments_5
2021-02-23 17:18:39.444 | INFO     | myweb.utils:news:64 - cache_decorator set cache:get_category_tree key:d19c501b432a166128be1cbdbab2cd08
2021-02-23 17:18:39.446 | INFO     | myweb.utils:news:64 - cache_decorator set cache:next_article key:d088a83c4e053d6fa785aa0fb0b2dfe9
2021-02-23 17:18:39.448 | INFO     | myweb.utils:news:64 - cache_decorator set cache:prev_article key:52b6368da69b6c3c603053a47ec4394a
2021-02-23 17:18:39.454 | INFO     | app_blog.templatetags.blog_tags:similar_articles:139 - 设置相似文章缓存:similar_articles_5
2021-02-23 17:18:39.467 | INFO     | app_blog.templatetags.blog_tags:most_commented_articles:103 - 获取最多评论缓存:most_commented_articles
2021-02-23 17:18:39.601 | ERROR    | app_user.middleware:__call__:43 - 不支持的 content 类型: "<class 'django.http.response.FileResponse'>"
2021-02-23 17:20:24.015 | INFO     | app_blog.views:get_queryset_from_cache:66 - 获取视图缓存, KEY: IndexView_1
2021-02-23 17:20:24.070 | INFO     | app_blog.templatetags.blog_tags:most_commented_articles:103 - 获取最多评论缓存:most_commented_articles
2021-02-23 17:20:28.323 | INFO     | app_blog.views:get_object:235 - 获取文章Markdown缓存, KEY: 4_md_20210222162019
2021-02-23 17:20:28.325 | INFO     | app_blog.models:comment_list:226 - 设置评论缓存:article_comments_4
2021-02-23 17:20:28.340 | INFO     | myweb.utils:news:64 - cache_decorator set cache:next_article key:0b6b48da49d5a9e292d0ef25306cbbc0
2021-02-23 17:20:28.342 | INFO     | myweb.utils:news:64 - cache_decorator set cache:prev_article key:a42f53d105c8f3a458527f78ebc04ae4
2021-02-23 17:20:28.349 | INFO     | app_blog.templatetags.blog_tags:similar_articles:139 - 设置相似文章缓存:similar_articles_4
2021-02-23 17:20:28.375 | INFO     | app_blog.templatetags.blog_tags:most_commented_articles:103 - 获取最多评论缓存:most_commented_articles
2021-02-23 17:20:28.509 | ERROR    | app_user.middleware:__call__:43 - 不支持的 content 类型: "<class 'django.http.response.FileResponse'>"
2021-02-23 17:21:01.221 | INFO     | app_blog.views:get_object:235 - 获取文章Markdown缓存, KEY: 4_md_20210222162019
2021-02-23 17:21:01.222 | INFO     | app_blog.models:comment_list:221 - 获取评论缓存:article_comments_4
2021-02-23 17:21:01.243 | INFO     | app_blog.templatetags.blog_tags:similar_articles:139 - 设置相似文章缓存:similar_articles_4
2021-02-23 17:21:01.267 | INFO     | app_blog.templatetags.blog_tags:most_commented_articles:103 - 获取最多评论缓存:most_commented_articles
2021-02-23 17:31:29.637 | INFO     | app_blog.views:get_queryset_from_cache:66 - 获取视图缓存, KEY: IndexView_1
2021-02-23 17:31:29.703 | INFO     | app_blog.templatetags.blog_tags:most_commented_articles:107 - 设置最多评论缓存:most_commented_articles
2021-02-23 17:36:31.693 | INFO     | app_blog.views:get_queryset_from_cache:66 - 获取视图缓存, KEY: IndexView_1
2021-02-23 17:36:31.750 | INFO     | app_blog.templatetags.blog_tags:most_commented_articles:103 - 获取最多评论缓存:most_commented_articles
2021-02-23 17:36:35.105 | INFO     | app_blog.views:get_queryset_from_cache:66 - 获取视图缓存, KEY: IndexView_1
2021-02-23 17:36:35.170 | INFO     | app_blog.templatetags.blog_tags:most_commented_articles:103 - 获取最多评论缓存:most_commented_articles
2021-02-23 17:36:57.828 | INFO     | app_blog.views:get_queryset_from_cache:66 - 获取视图缓存, KEY: IndexView_1
2021-02-23 17:36:57.887 | INFO     | app_blog.templatetags.blog_tags:most_commented_articles:103 - 获取最多评论缓存:most_commented_articles
2021-02-23 17:41:27.576 | INFO     | app_blog.views:get_queryset_from_cache:66 - 获取视图缓存, KEY: IndexView_1
2021-02-23 17:41:27.649 | INFO     | app_blog.templatetags.blog_tags:most_commented_articles:103 - 获取最多评论缓存:most_commented_articles
2021-02-23 17:41:54.522 | INFO     | app_blog.views:get_queryset_from_cache:66 - 获取视图缓存, KEY: IndexView_1
2021-02-23 17:41:54.573 | INFO     | app_blog.templatetags.blog_tags:most_commented_articles:103 - 获取最多评论缓存:most_commented_articles
2021-02-23 17:43:04.427 | INFO     | app_blog.views:get_queryset_from_cache:66 - 获取视图缓存, KEY: IndexView_1
2021-02-23 17:43:04.481 | INFO     | app_blog.templatetags.blog_tags:most_commented_articles:103 - 获取最多评论缓存:most_commented_articles
2021-02-23 17:43:31.529 | INFO     | app_blog.views:get_queryset_from_cache:66 - 获取视图缓存, KEY: IndexView_1
2021-02-23 17:43:31.583 | INFO     | app_blog.templatetags.blog_tags:most_commented_articles:103 - 获取最多评论缓存:most_commented_articles
2021-02-23 17:43:34.674 | INFO     | app_blog.views:get_queryset_from_cache:66 - 获取视图缓存, KEY: IndexView_1
2021-02-23 17:43:34.756 | INFO     | app_blog.templatetags.blog_tags:most_commented_articles:103 - 获取最多评论缓存:most_commented_articles
2021-02-23 17:44:59.412 | INFO     | app_blog.views:get_queryset_from_cache:66 - 获取视图缓存, KEY: IndexView_1
2021-02-23 17:44:59.538 | INFO     | app_blog.templatetags.blog_tags:most_commented_articles:103 - 获取最多评论缓存:most_commented_articles
2021-02-23 17:45:07.299 | INFO     | app_blog.views:get_queryset_from_cache:66 - 获取视图缓存, KEY: IndexView_1
2021-02-23 17:45:07.356 | INFO     | app_blog.templatetags.blog_tags:most_commented_articles:103 - 获取最多评论缓存:most_commented_articles
2021-02-23 17:45:22.171 | INFO     | app_blog.views:get_queryset_from_cache:66 - 获取视图缓存, KEY: IndexView_1
2021-02-23 17:45:22.222 | INFO     | app_blog.templatetags.blog_tags:most_commented_articles:103 - 获取最多评论缓存:most_commented_articles
2021-02-23 17:46:34.410 | INFO     | app_blog.views:get_queryset_from_cache:66 - 获取视图缓存, KEY: IndexView_1
2021-02-23 17:46:34.485 | INFO     | app_blog.templatetags.blog_tags:most_commented_articles:103 - 获取最多评论缓存:most_commented_articles
2021-02-23 17:48:42.144 | INFO     | app_blog.views:get_queryset_from_cache:66 - 获取视图缓存, KEY: IndexView_1
2021-02-23 17:48:42.222 | INFO     | app_blog.templatetags.blog_tags:most_commented_articles:103 - 获取最多评论缓存:most_commented_articles
2021-02-23 17:49:04.785 | INFO     | app_blog.views:get_queryset_from_cache:66 - 获取视图缓存, KEY: IndexView_1
2021-02-23 17:49:04.837 | INFO     | app_blog.templatetags.blog_tags:most_commented_articles:103 - 获取最多评论缓存:most_commented_articles
2021-02-23 17:49:17.336 | INFO     | app_blog.views:get_queryset_from_cache:66 - 获取视图缓存, KEY: IndexView_1
2021-02-23 17:49:17.389 | INFO     | app_blog.templatetags.blog_tags:most_commented_articles:103 - 获取最多评论缓存:most_commented_articles
2021-02-23 17:50:01.344 | INFO     | app_blog.views:get_queryset_from_cache:66 - 获取视图缓存, KEY: IndexView_1
2021-02-23 17:50:01.417 | INFO     | app_blog.templatetags.blog_tags:most_commented_articles:103 - 获取最多评论缓存:most_commented_articles
2021-02-23 17:50:15.763 | INFO     | app_blog.views:get_queryset_from_cache:66 - 获取视图缓存, KEY: IndexView_1
2021-02-23 17:50:15.814 | INFO     | app_blog.templatetags.blog_tags:most_commented_articles:103 - 获取最多评论缓存:most_commented_articles
2021-02-23 17:53:03.725 | INFO     | app_blog.views:get_object:235 - 获取文章Markdown缓存, KEY: 8_md_20210222183041
2021-02-23 17:53:03.729 | INFO     | app_blog.models:comment_list:226 - 设置评论缓存:article_comments_8
2021-02-23 17:53:03.748 | INFO     | myweb.utils:news:64 - cache_decorator set cache:next_article key:e96ac7fbb304174d3ba8b352a86f97ad
2021-02-23 17:53:03.749 | INFO     | myweb.utils:news:64 - cache_decorator set cache:prev_article key:1c4fec166b8b5d6fb826e10747fefee8
2021-02-23 17:53:03.754 | INFO     | app_blog.templatetags.blog_tags:similar_articles:139 - 设置相似文章缓存:similar_articles_8
2021-02-23 17:53:03.759 | INFO     | app_blog.templatetags.blog_tags:most_commented_articles:103 - 获取最多评论缓存:most_commented_articles
2021-02-23 17:53:23.508 | INFO     | app_blog.views:get_queryset_from_cache:66 - 获取视图缓存, KEY: IndexView_1
2021-02-23 17:53:23.560 | INFO     | app_blog.templatetags.blog_tags:most_commented_articles:103 - 获取最多评论缓存:most_commented_articles
2021-02-23 17:54:55.990 | INFO     | app_blog.views:get_object:235 - 获取文章Markdown缓存, KEY: 8_md_20210222183041
2021-02-23 17:54:55.993 | INFO     | app_blog.models:comment_list:226 - 设置评论缓存:article_comments_8
2021-02-23 17:54:56.012 | INFO     | app_blog.templatetags.blog_tags:similar_articles:132 - 获取相似文章缓存:similar_articles_8
2021-02-23 17:54:56.018 | INFO     | app_blog.templatetags.blog_tags:most_commented_articles:103 - 获取最多评论缓存:most_commented_articles
2021-02-23 18:00:05.424 | INFO     | app_blog.views:get_object:235 - 获取文章Markdown缓存, KEY: 8_md_20210222183041
2021-02-23 18:00:05.427 | INFO     | app_blog.models:comment_list:226 - 设置评论缓存:article_comments_8
2021-02-23 18:00:05.483 | INFO     | app_blog.templatetags.blog_tags:similar_articles:132 - 获取相似文章缓存:similar_articles_8
2021-02-23 18:00:05.491 | INFO     | app_blog.templatetags.blog_tags:most_commented_articles:103 - 获取最多评论缓存:most_commented_articles
2021-02-23 18:02:05.838 | INFO     | app_blog.views:get_object:235 - 获取文章Markdown缓存, KEY: 8_md_20210222183041
2021-02-23 18:02:05.840 | INFO     | app_blog.models:comment_list:226 - 设置评论缓存:article_comments_8
2021-02-23 18:02:05.860 | INFO     | app_blog.templatetags.blog_tags:similar_articles:132 - 获取相似文章缓存:similar_articles_8
2021-02-23 18:02:05.863 | INFO     | app_blog.templatetags.blog_tags:most_commented_articles:103 - 获取最多评论缓存:most_commented_articles
2021-02-23 18:02:19.755 | INFO     | app_blog.views:get_object:235 - 获取文章Markdown缓存, KEY: 8_md_20210222183041
2021-02-23 18:02:19.757 | INFO     | app_blog.models:comment_list:226 - 设置评论缓存:article_comments_8
2021-02-23 18:02:19.775 | INFO     | app_blog.templatetags.blog_tags:similar_articles:132 - 获取相似文章缓存:similar_articles_8
2021-02-23 18:02:19.778 | INFO     | app_blog.templatetags.blog_tags:most_commented_articles:103 - 获取最多评论缓存:most_commented_articles
2021-02-23 18:02:49.048 | INFO     | app_blog.views:get_object:235 - 获取文章Markdown缓存, KEY: 8_md_20210222183041
2021-02-23 18:02:49.050 | INFO     | app_blog.models:comment_list:226 - 设置评论缓存:article_comments_8
2021-02-23 18:02:49.071 | INFO     | app_blog.templatetags.blog_tags:similar_articles:132 - 获取相似文章缓存:similar_articles_8
2021-02-23 18:02:49.075 | INFO     | app_blog.templatetags.blog_tags:most_commented_articles:103 - 获取最多评论缓存:most_commented_articles
2021-02-23 18:05:37.871 | INFO     | app_blog.views:get_object:235 - 获取文章Markdown缓存, KEY: 8_md_20210222183041
2021-02-23 18:05:37.874 | INFO     | app_blog.models:comment_list:226 - 设置评论缓存:article_comments_8
2021-02-23 18:05:37.897 | INFO     | app_blog.templatetags.blog_tags:similar_articles:132 - 获取相似文章缓存:similar_articles_8
2021-02-23 18:05:37.902 | INFO     | app_blog.templatetags.blog_tags:most_commented_articles:103 - 获取最多评论缓存:most_commented_articles
2021-02-23 18:05:47.597 | INFO     | app_blog.views:get_queryset_from_cache:66 - 获取视图缓存, KEY: IndexView_1
2021-02-23 18:05:47.663 | INFO     | app_blog.templatetags.blog_tags:most_commented_articles:103 - 获取最多评论缓存:most_commented_articles
2021-02-23 18:05:53.406 | INFO     | app_blog.views:get_queryset_from_cache:66 - 获取视图缓存, KEY: IndexView_1
2021-02-23 18:05:53.481 | INFO     | app_blog.templatetags.blog_tags:most_commented_articles:103 - 获取最多评论缓存:most_commented_articles
2021-02-23 18:06:15.414 | INFO     | app_blog.views:get_queryset_from_cache:66 - 获取视图缓存, KEY: IndexView_1
2021-02-23 18:06:15.476 | INFO     | app_blog.templatetags.blog_tags:most_commented_articles:103 - 获取最多评论缓存:most_commented_articles
2021-02-23 18:06:19.906 | INFO     | app_blog.views:get_queryset_from_cache:66 - 获取视图缓存, KEY: IndexView_1
2021-02-23 18:06:19.959 | INFO     | app_blog.templatetags.blog_tags:most_commented_articles:103 - 获取最多评论缓存:most_commented_articles
2021-02-23 18:08:55.137 | INFO     | app_blog.views:get_queryset_from_cache:66 - 获取视图缓存, KEY: IndexView_1
2021-02-23 18:08:55.212 | INFO     | app_blog.templatetags.blog_tags:most_commented_articles:103 - 获取最多评论缓存:most_commented_articles
2021-02-23 18:10:16.877 | INFO     | app_blog.views:get_queryset_from_cache:66 - 获取视图缓存, KEY: IndexView_1
2021-02-23 18:10:16.934 | INFO     | app_blog.templatetags.blog_tags:most_commented_articles:103 - 获取最多评论缓存:most_commented_articles
2021-02-23 18:10:20.222 | INFO     | app_blog.views:get_queryset_from_cache:66 - 获取视图缓存, KEY: IndexView_1
2021-02-23 18:10:20.274 | INFO     | app_blog.templatetags.blog_tags:most_commented_articles:103 - 获取最多评论缓存:most_commented_articles
2021-02-23 18:12:08.475 | INFO     | app_blog.views:get_object:235 - 获取文章Markdown缓存, KEY: 8_md_20210222183041
2021-02-23 18:12:08.477 | INFO     | app_blog.models:comment_list:226 - 设置评论缓存:article_comments_8
2021-02-23 18:12:08.497 | INFO     | app_blog.templatetags.blog_tags:similar_articles:132 - 获取相似文章缓存:similar_articles_8
2021-02-23 18:12:08.504 | INFO     | app_blog.templatetags.blog_tags:most_commented_articles:103 - 获取最多评论缓存:most_commented_articles
2021-02-23 18:13:32.525 | INFO     | app_blog.views:get_object:235 - 获取文章Markdown缓存, KEY: 8_md_20210222183041
2021-02-23 18:13:32.526 | INFO     | app_blog.models:comment_list:226 - 设置评论缓存:article_comments_8
2021-02-23 18:13:32.543 | INFO     | app_blog.templatetags.blog_tags:similar_articles:132 - 获取相似文章缓存:similar_articles_8
2021-02-23 18:13:32.546 | INFO     | app_blog.templatetags.blog_tags:most_commented_articles:103 - 获取最多评论缓存:most_commented_articles
2021-02-23 18:13:39.762 | INFO     | app_blog.views:get_queryset_from_cache:66 - 获取视图缓存, KEY: IndexView_1
2021-02-23 18:13:39.809 | INFO     | app_blog.templatetags.blog_tags:most_commented_articles:103 - 获取最多评论缓存:most_commented_articles
2021-02-23 18:13:47.854 | INFO     | app_blog.views:get_object:235 - 获取文章Markdown缓存, KEY: 8_md_20210222183041
2021-02-23 18:13:47.857 | INFO     | app_blog.models:comment_list:226 - 设置评论缓存:article_comments_8
2021-02-23 18:13:47.874 | INFO     | app_blog.templatetags.blog_tags:similar_articles:132 - 获取相似文章缓存:similar_articles_8
2021-02-23 18:13:47.878 | INFO     | app_blog.templatetags.blog_tags:most_commented_articles:103 - 获取最多评论缓存:most_commented_articles
2021-02-23 18:14:28.105 | INFO     | app_blog.views:get_object:235 - 获取文章Markdown缓存, KEY: 8_md_20210222183041
2021-02-23 18:14:28.107 | INFO     | app_blog.models:comment_list:226 - 设置评论缓存:article_comments_8
2021-02-23 18:14:28.125 | INFO     | app_blog.templatetags.blog_tags:similar_articles:132 - 获取相似文章缓存:similar_articles_8
2021-02-23 18:14:28.129 | INFO     | app_blog.templatetags.blog_tags:most_commented_articles:103 - 获取最多评论缓存:most_commented_articles
2021-02-23 18:14:33.786 | INFO     | app_blog.views:get_queryset_from_cache:66 - 获取视图缓存, KEY: IndexView_1
2021-02-23 18:14:33.835 | INFO     | app_blog.templatetags.blog_tags:most_commented_articles:103 - 获取最多评论缓存:most_commented_articles
2021-02-23 18:14:36.683 | INFO     | app_blog.views:get_object:245 - 设置文章Markdown缓存, KEY: 7_md_20210222140557
2021-02-23 18:14:36.687 | INFO     | app_blog.models:comment_list:226 - 设置评论缓存:article_comments_7
2021-02-23 18:14:36.702 | INFO     | myweb.utils:news:64 - cache_decorator set cache:get_category_tree key:e189c4eb908838909d213343300a6ded
2021-02-23 18:14:36.704 | INFO     | myweb.utils:news:64 - cache_decorator set cache:next_article key:581d0d336b56f773ece6e899d1a59685
2021-02-23 18:14:36.706 | INFO     | myweb.utils:news:64 - cache_decorator set cache:prev_article key:538f26fd6026798ed27db3f5a83e067c
2021-02-23 18:14:36.711 | INFO     | app_blog.templatetags.blog_tags:similar_articles:139 - 设置相似文章缓存:similar_articles_7
2021-02-23 18:14:36.715 | INFO     | app_blog.templatetags.blog_tags:most_commented_articles:103 - 获取最多评论缓存:most_commented_articles
2021-02-23 18:15:27.737 | INFO     | app_blog.views:get_queryset_from_cache:66 - 获取视图缓存, KEY: IndexView_1
2021-02-23 18:15:27.792 | INFO     | app_blog.templatetags.blog_tags:most_commented_articles:103 - 获取最多评论缓存:most_commented_articles
2021-02-23 18:15:55.846 | INFO     | app_blog.views:get_object:235 - 获取文章Markdown缓存, KEY: 8_md_20210222183041
2021-02-23 18:15:55.849 | INFO     | app_blog.models:comment_list:226 - 设置评论缓存:article_comments_8
2021-02-23 18:15:55.873 | INFO     | app_blog.templatetags.blog_tags:similar_articles:132 - 获取相似文章缓存:similar_articles_8
2021-02-23 18:15:55.877 | INFO     | app_blog.templatetags.blog_tags:most_commented_articles:103 - 获取最多评论缓存:most_commented_articles
2021-02-23 18:16:06.902 | INFO     | app_blog.views:get_queryset_from_cache:66 - 获取视图缓存, KEY: IndexView_1
2021-02-23 18:16:06.958 | INFO     | app_blog.templatetags.blog_tags:most_commented_articles:103 - 获取最多评论缓存:most_commented_articles
2021-02-23 18:16:41.745 | INFO     | app_blog.views:get_object:235 - 获取文章Markdown缓存, KEY: 8_md_20210222183041
2021-02-23 18:16:41.747 | INFO     | app_blog.models:comment_list:226 - 设置评论缓存:article_comments_8
2021-02-23 18:16:41.767 | INFO     | app_blog.templatetags.blog_tags:similar_articles:132 - 获取相似文章缓存:similar_articles_8
2021-02-23 18:16:41.771 | INFO     | app_blog.templatetags.blog_tags:most_commented_articles:103 - 获取最多评论缓存:most_commented_articles
2021-02-23 18:16:45.132 | INFO     | app_blog.views:get_queryset_from_cache:66 - 获取视图缓存, KEY: IndexView_1
2021-02-23 18:16:45.180 | INFO     | app_blog.templatetags.blog_tags:most_commented_articles:103 - 获取最多评论缓存:most_commented_articles
2021-02-23 18:17:02.240 | INFO     | app_blog.views:get_object:235 - 获取文章Markdown缓存, KEY: 8_md_20210222183041
2021-02-23 18:17:02.242 | INFO     | app_blog.models:comment_list:226 - 设置评论缓存:article_comments_8
2021-02-23 18:17:02.258 | INFO     | app_blog.templatetags.blog_tags:similar_articles:132 - 获取相似文章缓存:similar_articles_8
2021-02-23 18:17:02.261 | INFO     | app_blog.templatetags.blog_tags:most_commented_articles:103 - 获取最多评论缓存:most_commented_articles
2021-02-23 18:17:44.929 | INFO     | app_blog.views:get_queryset_from_cache:66 - 获取视图缓存, KEY: IndexView_1
2021-02-23 18:17:44.985 | INFO     | app_blog.templatetags.blog_tags:most_commented_articles:103 - 获取最多评论缓存:most_commented_articles
2021-02-23 18:18:05.270 | INFO     | app_blog.views:get_object:235 - 获取文章Markdown缓存, KEY: 8_md_20210222183041
2021-02-23 18:18:05.271 | INFO     | app_blog.models:comment_list:226 - 设置评论缓存:article_comments_8
2021-02-23 18:18:05.288 | INFO     | app_blog.templatetags.blog_tags:similar_articles:132 - 获取相似文章缓存:similar_articles_8
2021-02-23 18:18:05.291 | INFO     | app_blog.templatetags.blog_tags:most_commented_articles:103 - 获取最多评论缓存:most_commented_articles
2021-02-23 18:18:08.071 | INFO     | app_blog.views:get_object:235 - 获取文章Markdown缓存, KEY: 8_md_20210222183041
2021-02-23 18:18:08.073 | INFO     | app_blog.models:comment_list:226 - 设置评论缓存:article_comments_8
2021-02-23 18:18:08.092 | INFO     | app_blog.templatetags.blog_tags:similar_articles:132 - 获取相似文章缓存:similar_articles_8
2021-02-23 18:18:08.096 | INFO     | app_blog.templatetags.blog_tags:most_commented_articles:103 - 获取最多评论缓存:most_commented_articles
2021-02-23 18:18:22.011 | INFO     | myweb.utils:news:64 - cache_decorator set cache:get_sub_categorys key:42abd45852ad36bdf939ea3f5c0f4076
2021-02-23 18:18:22.016 | INFO     | app_blog.views:get_queryset_from_cache:71 - 设置视图缓存, KEY: CategoryDetailView_Python_1
2021-02-23 18:18:22.064 | INFO     | app_blog.templatetags.blog_tags:most_commented_articles:103 - 获取最多评论缓存:most_commented_articles
2021-02-23 18:19:44.506 | INFO     | app_blog.views:get_queryset_from_cache:66 - 获取视图缓存, KEY: CategoryDetailView_Python_1
2021-02-23 18:19:44.554 | INFO     | app_blog.templatetags.blog_tags:most_commented_articles:103 - 获取最多评论缓存:most_commented_articles
2021-02-23 18:19:55.882 | INFO     | app_blog.views:get_queryset_from_cache:66 - 获取视图缓存, KEY: CategoryDetailView_Python_1
2021-02-23 18:19:55.900 | INFO     | app_blog.templatetags.blog_tags:most_commented_articles:103 - 获取最多评论缓存:most_commented_articles
2021-02-23 18:20:02.280 | INFO     | app_blog.views:get_queryset_from_cache:66 - 获取视图缓存, KEY: CategoryDetailView_Python_1
2021-02-23 18:20:02.316 | INFO     | app_blog.templatetags.blog_tags:most_commented_articles:103 - 获取最多评论缓存:most_commented_articles
2021-02-23 18:22:23.906 | INFO     | app_blog.views:get_queryset_from_cache:66 - 获取视图缓存, KEY: CategoryDetailView_Python_1
2021-02-23 18:22:23.946 | INFO     | app_blog.templatetags.blog_tags:most_commented_articles:103 - 获取最多评论缓存:most_commented_articles
2021-02-23 18:22:27.602 | INFO     | app_blog.views:get_queryset_from_cache:66 - 获取视图缓存, KEY: CategoryDetailView_Python_1
2021-02-23 18:22:27.779 | INFO     | app_blog.templatetags.blog_tags:most_commented_articles:103 - 获取最多评论缓存:most_commented_articles
2021-02-23 18:23:53.984 | INFO     | app_blog.views:get_queryset_from_cache:66 - 获取视图缓存, KEY: CategoryDetailView_Python_1
2021-02-23 18:23:54.020 | INFO     | app_blog.templatetags.blog_tags:most_commented_articles:103 - 获取最多评论缓存:most_commented_articles
2021-02-23 18:23:56.140 | INFO     | app_blog.views:get_queryset_from_cache:66 - 获取视图缓存, KEY: CategoryDetailView_Python_1
2021-02-23 18:23:56.182 | INFO     | app_blog.templatetags.blog_tags:most_commented_articles:103 - 获取最多评论缓存:most_commented_articles
2021-02-23 18:26:23.663 | INFO     | app_blog.views:get_queryset_from_cache:66 - 获取视图缓存, KEY: CategoryDetailView_Python_1
2021-02-23 18:26:23.704 | INFO     | app_blog.templatetags.blog_tags:most_commented_articles:103 - 获取最多评论缓存:most_commented_articles
2021-02-23 18:26:25.889 | INFO     | app_blog.views:get_object:235 - 获取文章Markdown缓存, KEY: 8_md_20210222183041
2021-02-23 18:26:25.892 | INFO     | app_blog.models:comment_list:226 - 设置评论缓存:article_comments_8
2021-02-23 18:26:25.908 | INFO     | app_blog.templatetags.blog_tags:similar_articles:132 - 获取相似文章缓存:similar_articles_8
2021-02-23 18:26:25.912 | INFO     | app_blog.templatetags.blog_tags:most_commented_articles:103 - 获取最多评论缓存:most_commented_articles
2021-02-23 18:26:28.413 | INFO     | app_blog.views:get_object:235 - 获取文章Markdown缓存, KEY: 8_md_20210222183041
2021-02-23 18:26:28.415 | INFO     | app_blog.models:comment_list:226 - 设置评论缓存:article_comments_8
2021-02-23 18:26:28.433 | INFO     | app_blog.templatetags.blog_tags:similar_articles:132 - 获取相似文章缓存:similar_articles_8
2021-02-23 18:26:28.437 | INFO     | app_blog.templatetags.blog_tags:most_commented_articles:103 - 获取最多评论缓存:most_commented_articles
2021-02-23 18:27:09.430 | INFO     | app_blog.views:get_queryset_from_cache:66 - 获取视图缓存, KEY: CategoryDetailView_Python_1
2021-02-23 18:27:09.468 | INFO     | app_blog.templatetags.blog_tags:most_commented_articles:103 - 获取最多评论缓存:most_commented_articles
2021-02-23 18:29:23.420 | INFO     | app_blog.views:get_queryset_from_cache:66 - 获取视图缓存, KEY: CategoryDetailView_Python_1
2021-02-23 18:29:23.453 | INFO     | app_blog.templatetags.blog_tags:most_commented_articles:103 - 获取最多评论缓存:most_commented_articles
2021-02-23 18:29:45.009 | INFO     | app_blog.views:get_queryset_from_cache:66 - 获取视图缓存, KEY: CategoryDetailView_Python_1
2021-02-23 18:29:45.044 | INFO     | app_blog.templatetags.blog_tags:most_commented_articles:103 - 获取最多评论缓存:most_commented_articles
2021-02-23 18:29:53.870 | INFO     | app_blog.views:get_object:235 - 获取文章Markdown缓存, KEY: 8_md_20210222183041
2021-02-23 18:29:53.872 | INFO     | app_blog.models:comment_list:226 - 设置评论缓存:article_comments_8
2021-02-23 18:29:53.888 | INFO     | app_blog.templatetags.blog_tags:similar_articles:132 - 获取相似文章缓存:similar_articles_8
2021-02-23 18:29:53.891 | INFO     | app_blog.templatetags.blog_tags:most_commented_articles:103 - 获取最多评论缓存:most_commented_articles
2021-02-23 18:29:57.812 | INFO     | app_blog.views:get_object:235 - 获取文章Markdown缓存, KEY: 8_md_20210222183041
2021-02-23 18:29:57.814 | INFO     | app_blog.models:comment_list:226 - 设置评论缓存:article_comments_8
2021-02-23 18:29:57.832 | INFO     | app_blog.templatetags.blog_tags:similar_articles:132 - 获取相似文章缓存:similar_articles_8
2021-02-23 18:29:57.836 | INFO     | app_blog.templatetags.blog_tags:most_commented_articles:103 - 获取最多评论缓存:most_commented_articles
2021-02-23 18:32:14.501 | INFO     | app_blog.views:get_queryset_from_cache:66 - 获取视图缓存, KEY: CategoryDetailView_Python_1
2021-02-23 18:32:14.550 | INFO     | app_blog.templatetags.blog_tags:most_commented_articles:103 - 获取最多评论缓存:most_commented_articles
2021-02-23 18:33:56.642 | INFO     | app_blog.views:get_queryset_from_cache:66 - 获取视图缓存, KEY: CategoryDetailView_Python_1
2021-02-23 18:33:56.728 | INFO     | app_blog.templatetags.blog_tags:most_commented_articles:103 - 获取最多评论缓存:most_commented_articles
2021-02-23 18:34:18.376 | INFO     | app_blog.views:get_queryset_from_cache:66 - 获取视图缓存, KEY: CategoryDetailView_Python_1
2021-02-23 18:34:18.463 | INFO     | app_blog.templatetags.blog_tags:most_commented_articles:103 - 获取最多评论缓存:most_commented_articles
2021-02-23 18:34:18.585 | ERROR    | app_user.middleware:__call__:43 - 不支持的 content 类型: "<class 'django.http.response.FileResponse'>"
2021-02-23 18:38:05.182 | INFO     | app_blog.views:get_queryset_from_cache:71 - 设置视图缓存, KEY: IndexView_1
2021-02-23 18:38:05.187 | INFO     | app_blog.context_processors:seo_processor:18 - set processor cache.
2021-02-23 18:38:05.188 | INFO     | app_blog.utils:get_blog_setting:27 - set cache get_blog_setting
2021-02-23 18:38:05.254 | INFO     | app_blog.templatetags.blog_tags:most_commented_articles:107 - 设置最多评论缓存:most_commented_articles
2021-02-23 18:38:05.299 | ERROR    | app_user.middleware:__call__:43 - 不支持的 content 类型: "<class 'django.http.response.FileResponse'>"
2021-02-23 18:39:11.001 | INFO     | app_blog.context_processors:seo_processor:18 - set processor cache.
2021-02-23 18:39:11.003 | INFO     | app_blog.utils:get_blog_setting:27 - set cache get_blog_setting
2021-02-23 18:39:20.237 | INFO     | app_blog.views:get_queryset_from_cache:71 - 设置视图缓存, KEY: IndexView_1
2021-02-23 18:39:20.242 | INFO     | app_blog.context_processors:seo_processor:18 - set processor cache.
2021-02-23 18:39:20.243 | INFO     | app_blog.utils:get_blog_setting:27 - set cache get_blog_setting
2021-02-23 18:39:20.309 | INFO     | app_blog.templatetags.blog_tags:most_commented_articles:107 - 设置最多评论缓存:most_commented_articles
2021-02-23 18:41:18.618 | INFO     | app_blog.views:get_queryset_from_cache:66 - 获取视图缓存, KEY: IndexView_1
2021-02-23 18:41:18.677 | INFO     | app_blog.templatetags.blog_tags:most_commented_articles:103 - 获取最多评论缓存:most_commented_articles
2021-02-23 18:41:18.838 | ERROR    | app_user.middleware:__call__:43 - 不支持的 content 类型: "<class 'django.http.response.FileResponse'>"
2021-02-23 18:42:24.728 | INFO     | app_blog.views:get_object:245 - 设置文章Markdown缓存, KEY: 8_md_20210223183917
2021-02-23 18:42:24.731 | INFO     | app_blog.models:comment_list:226 - 设置评论缓存:article_comments_8
2021-02-23 18:42:24.752 | INFO     | myweb.utils:news:64 - cache_decorator set cache:get_category_tree key:0a514b5a7f501f26ab879b14a439ea18
2021-02-23 18:42:24.753 | INFO     | myweb.utils:news:64 - cache_decorator set cache:get_category_tree key:1d7d1c1d82c322adc9d9f902b395202e
2021-02-23 18:42:24.755 | INFO     | myweb.utils:news:64 - cache_decorator set cache:next_article key:6f243f3b21ef6155ba26a61f85c12f63
2021-02-23 18:42:24.757 | INFO     | myweb.utils:news:64 - cache_decorator set cache:prev_article key:1830480acc780c05f9b1a47816ea9bcf
2021-02-23 18:42:24.764 | INFO     | app_blog.templatetags.blog_tags:similar_articles:139 - 设置相似文章缓存:similar_articles_8
2021-02-23 18:42:24.780 | INFO     | app_blog.templatetags.blog_tags:most_commented_articles:103 - 获取最多评论缓存:most_commented_articles
2021-02-23 18:43:12.619 | INFO     | app_blog.views:get_queryset_from_cache:66 - 获取视图缓存, KEY: IndexView_1
2021-02-23 18:43:12.668 | INFO     | app_blog.templatetags.blog_tags:most_commented_articles:103 - 获取最多评论缓存:most_commented_articles
2021-02-23 18:44:04.128 | INFO     | app_blog.views:get_queryset_from_cache:66 - 获取视图缓存, KEY: IndexView_1
2021-02-23 18:44:04.176 | INFO     | app_blog.templatetags.blog_tags:most_commented_articles:103 - 获取最多评论缓存:most_commented_articles
2021-02-23 18:44:06.117 | INFO     | app_blog.views:get_queryset_from_cache:66 - 获取视图缓存, KEY: IndexView_1
2021-02-23 18:44:06.176 | INFO     | app_blog.templatetags.blog_tags:most_commented_articles:103 - 获取最多评论缓存:most_commented_articles
2021-02-23 18:45:02.918 | INFO     | app_blog.views:get_queryset_from_cache:66 - 获取视图缓存, KEY: IndexView_1
2021-02-23 18:45:02.993 | INFO     | app_blog.templatetags.blog_tags:most_commented_articles:103 - 获取最多评论缓存:most_commented_articles
2021-02-23 18:45:03.144 | ERROR    | app_user.middleware:__call__:43 - 不支持的 content 类型: "<class 'django.http.response.FileResponse'>"
